{"D:\\projects\\la-raid-stats\\src\\components\\atoms\\BaseButton.vue": {"path":"D:\\projects\\la-raid-stats\\src\\components\\atoms\\BaseButton.vue","statementMap":{"0":{"start":{"line":9,"column":13},"end":{"line":9,"column":null}},"1":{"start":{"line":14,"column":2},"end":{"line":14,"column":null}},"2":{"start":{"line":19,"column":2},"end":{"line":28,"column":null}}},"fnMap":{"0":{"name":"handleClick","decl":{"start":{"line":13,"column":9},"end":{"line":13,"column":21}},"loc":{"start":{"line":13,"column":40},"end":{"line":15,"column":null}},"line":13}},"branchMap":{"0":{"loc":{"start":{"line":21,"column":29},"end":{"line":21,"column":79}},"type":"binary-expr","locations":[{"start":{"line":21,"column":29},"end":{"line":21,"column":36}},{"start":{"line":21,"column":36},"end":{"line":21,"column":79}}],"line":21},"1":{"loc":{"start":{"line":22,"column":15},"end":{"line":22,"column":null}},"type":"binary-expr","locations":[{"start":{"line":22,"column":15},"end":{"line":22,"column":27}},{"start":{"line":22,"column":27},"end":{"line":22,"column":null}}],"line":22},"2":{"loc":{"start":{"line":23,"column":11},"end":{"line":23,"column":null}},"type":"binary-expr","locations":[{"start":{"line":23,"column":11},"end":{"line":23,"column":15}},{"start":{"line":23,"column":15},"end":{"line":23,"column":null}}],"line":23},"3":{"loc":{"start":{"line":26,"column":16},"end":{"line":26,"column":null}},"type":"cond-expr","locations":[{"start":{"line":26,"column":16},"end":{"line":26,"column":null}},{"start":{"line":26,"column":56},"end":{"line":26,"column":null}}],"line":26}},"s":{"0":6,"1":1,"2":6},"f":{"0":1},"b":{"0":[6,5],"1":[6,5],"2":[6,6],"3":[1,5]},"meta":{"lastBranch":4,"lastFunction":1,"lastStatement":3,"seen":{"s:9:13:9:Infinity":0,"f:13:9:13:21":0,"s:14:2:14:Infinity":1,"s:19:2:28:Infinity":2,"b:21:29:21:36:21:36:21:79":0,"b:22:15:22:27:22:27:22:Infinity":1,"b:23:11:23:15:23:15:23:Infinity":2,"b:26:16:26:Infinity:26:56:26:Infinity":3}}}
,"D:\\projects\\la-raid-stats\\src\\components\\molecules\\DifficultyBadge.vue": {"path":"D:\\projects\\la-raid-stats\\src\\components\\molecules\\DifficultyBadge.vue","statementMap":{"0":{"start":{"line":6,"column":14},"end":{"line":6,"column":null}},"1":{"start":{"line":10,"column":6},"end":{"line":10,"column":null}},"2":{"start":{"line":10,"column":15},"end":{"line":10,"column":61}},"3":{"start":{"line":14,"column":2},"end":{"line":18,"column":null}}},"fnMap":{"0":{"name":"(anonymous_0)","decl":{"start":{"line":10,"column":15},"end":{"line":10,"column":30}},"loc":{"start":{"line":10,"column":15},"end":{"line":10,"column":61}},"line":10}},"branchMap":{"0":{"loc":{"start":{"line":16,"column":31},"end":{"line":16,"column":null}},"type":"binary-expr","locations":[{"start":{"line":16,"column":31},"end":{"line":16,"column":44}},{"start":{"line":16,"column":44},"end":{"line":16,"column":null}}],"line":16},"1":{"loc":{"start":{"line":18,"column":7},"end":{"line":18,"column":28}},"type":"binary-expr","locations":[{"start":{"line":18,"column":7},"end":{"line":18,"column":24}},{"start":{"line":18,"column":24},"end":{"line":18,"column":28}}],"line":18}},"s":{"0":4,"1":4,"2":4,"3":4},"f":{"0":4},"b":{"0":[4,0],"1":[4,0]},"meta":{"lastBranch":0,"lastFunction":0,"lastStatement":0,"seen":{}}}
,"D:\\projects\\la-raid-stats\\src\\constants\\characterClasses.ts": {"path":"D:\\projects\\la-raid-stats\\src\\constants\\characterClasses.ts","statementMap":{"0":{"start":{"line":7,"column":57},"end":{"line":26,"column":null}},"1":{"start":{"line":30,"column":16},"end":{"line":30,"column":null}},"2":{"start":{"line":30,"column":44},"end":{"line":30,"column":61}},"3":{"start":{"line":31,"column":2},"end":{"line":31,"column":null}}},"fnMap":{"0":{"name":"getClassLabel","decl":{"start":{"line":29,"column":16},"end":{"line":29,"column":30}},"loc":{"start":{"line":29,"column":61},"end":{"line":32,"column":null}},"line":29},"1":{"name":"(anonymous_1)","decl":{"start":{"line":30,"column":34},"end":{"line":30,"column":39}},"loc":{"start":{"line":30,"column":44},"end":{"line":30,"column":61}},"line":30}},"branchMap":{"0":{"loc":{"start":{"line":31,"column":9},"end":{"line":31,"column":null}},"type":"binary-expr","locations":[{"start":{"line":31,"column":9},"end":{"line":31,"column":25}},{"start":{"line":31,"column":25},"end":{"line":31,"column":null}}],"line":31}},"s":{"0":1,"1":0,"2":0,"3":0},"f":{"0":0,"1":0},"b":{"0":[0,0]},"meta":{"lastBranch":1,"lastFunction":2,"lastStatement":4,"seen":{"s:7:57:26:Infinity":0,"f:29:16:29:30":0,"s:30:16:30:Infinity":1,"f:30:34:30:39":1,"s:30:44:30:61":2,"s:31:2:31:Infinity":3,"b:31:9:31:25:31:25:31:Infinity":0}}}
,"D:\\projects\\la-raid-stats\\src\\constants\\difficultyTypes.ts": {"path":"D:\\projects\\la-raid-stats\\src\\constants\\difficultyTypes.ts","statementMap":{"0":{"start":{"line":7,"column":56},"end":{"line":12,"column":null}},"1":{"start":{"line":16,"column":2},"end":{"line":16,"column":null}},"2":{"start":{"line":16,"column":36},"end":{"line":16,"column":52}},"3":{"start":{"line":21,"column":2},"end":{"line":25,"column":null}},"4":{"start":{"line":22,"column":19},"end":{"line":22,"column":null}},"5":{"start":{"line":23,"column":19},"end":{"line":23,"column":null}},"6":{"start":{"line":24,"column":4},"end":{"line":24,"column":null}}},"fnMap":{"0":{"name":"getDifficultyConfig","decl":{"start":{"line":15,"column":16},"end":{"line":15,"column":36}},"loc":{"start":{"line":15,"column":92},"end":{"line":17,"column":null}},"line":15},"1":{"name":"(anonymous_1)","decl":{"start":{"line":16,"column":26},"end":{"line":16,"column":31}},"loc":{"start":{"line":16,"column":36},"end":{"line":16,"column":52}},"line":16},"2":{"name":"sortDifficultiesByOrder","decl":{"start":{"line":20,"column":16},"end":{"line":20,"column":76}},"loc":{"start":{"line":20,"column":100},"end":{"line":26,"column":null}},"line":20},"3":{"name":"(anonymous_3)","decl":{"start":{"line":21,"column":27},"end":{"line":21,"column":33}},"loc":{"start":{"line":21,"column":42},"end":{"line":25,"column":3}},"line":21}},"branchMap":{"0":{"loc":{"start":{"line":22,"column":19},"end":{"line":22,"column":null}},"type":"binary-expr","locations":[{"start":{"line":22,"column":19},"end":{"line":22,"column":57}},{"start":{"line":22,"column":57},"end":{"line":22,"column":null}}],"line":22},"1":{"loc":{"start":{"line":23,"column":19},"end":{"line":23,"column":null}},"type":"binary-expr","locations":[{"start":{"line":23,"column":19},"end":{"line":23,"column":57}},{"start":{"line":23,"column":57},"end":{"line":23,"column":null}}],"line":23}},"s":{"0":2,"1":4,"2":10,"3":0,"4":0,"5":0,"6":0},"f":{"0":4,"1":10,"2":0,"3":0},"b":{"0":[0,0],"1":[0,0]},"meta":{"lastBranch":2,"lastFunction":4,"lastStatement":7,"seen":{"s:7:56:12:Infinity":0,"f:15:16:15:36":0,"s:16:2:16:Infinity":1,"f:16:26:16:31":1,"s:16:36:16:52":2,"f:20:16:20:76":2,"s:21:2:25:Infinity":3,"f:21:27:21:33":3,"s:22:19:22:Infinity":4,"b:22:19:22:57:22:57:22:Infinity":0,"s:23:19:23:Infinity":5,"b:23:19:23:57:23:57:23:Infinity":1,"s:24:4:24:Infinity":6}}}
,"D:\\projects\\la-raid-stats\\src\\utils\\transliterate.ts": {"path":"D:\\projects\\la-raid-stats\\src\\utils\\transliterate.ts","statementMap":{"0":{"start":{"line":15,"column":50},"end":{"line":21,"column":null}},"1":{"start":{"line":24,"column":15},"end":{"line":24,"column":null}},"2":{"start":{"line":27,"column":2},"end":{"line":30,"column":null}},"3":{"start":{"line":28,"column":22},"end":{"line":28,"column":null}},"4":{"start":{"line":29,"column":4},"end":{"line":29,"column":null}},"5":{"start":{"line":33,"column":2},"end":{"line":33,"column":null}},"6":{"start":{"line":36,"column":2},"end":{"line":36,"column":null}},"7":{"start":{"line":39,"column":2},"end":{"line":39,"column":null}},"8":{"start":{"line":42,"column":2},"end":{"line":42,"column":null}},"9":{"start":{"line":44,"column":2},"end":{"line":44,"column":null}},"10":{"start":{"line":52,"column":13},"end":{"line":52,"column":null}},"11":{"start":{"line":54,"column":2},"end":{"line":56,"column":null}},"12":{"start":{"line":55,"column":4},"end":{"line":55,"column":null}},"13":{"start":{"line":58,"column":16},"end":{"line":58,"column":null}},"14":{"start":{"line":59,"column":2},"end":{"line":61,"column":null}},"15":{"start":{"line":60,"column":4},"end":{"line":60,"column":null}},"16":{"start":{"line":63,"column":2},"end":{"line":63,"column":null}}},"fnMap":{"0":{"name":"transliterate","decl":{"start":{"line":13,"column":16},"end":{"line":13,"column":30}},"loc":{"start":{"line":13,"column":52},"end":{"line":45,"column":null}},"line":13},"1":{"name":"(anonymous_1)","decl":{"start":{"line":27,"column":26},"end":{"line":27,"column":39}},"loc":{"start":{"line":27,"column":48},"end":{"line":30,"column":3}},"line":27},"2":{"name":"generateUniqueSlug","decl":{"start":{"line":51,"column":16},"end":{"line":51,"column":35}},"loc":{"start":{"line":51,"column":86},"end":{"line":64,"column":null}},"line":51}},"branchMap":{"0":{"loc":{"start":{"line":29,"column":11},"end":{"line":29,"column":null}},"type":"binary-expr","locations":[{"start":{"line":29,"column":11},"end":{"line":29,"column":41}},{"start":{"line":29,"column":41},"end":{"line":29,"column":null}}],"line":29},"1":{"loc":{"start":{"line":54,"column":2},"end":{"line":56,"column":null}},"type":"if","locations":[{"start":{"line":54,"column":2},"end":{"line":56,"column":null}},{"start":{},"end":{}}],"line":54}},"s":{"0":13,"1":13,"2":13,"3":27,"4":27,"5":13,"6":13,"7":13,"8":13,"9":13,"10":4,"11":4,"12":2,"13":2,"14":2,"15":1,"16":2},"f":{"0":13,"1":27,"2":4},"b":{"0":[27,0],"1":[2,2]},"meta":{"lastBranch":2,"lastFunction":3,"lastStatement":17,"seen":{"f:13:16:13:30":0,"s:15:50:21:Infinity":0,"s:24:15:24:Infinity":1,"s:27:2:30:Infinity":2,"f:27:26:27:39":1,"s:28:22:28:Infinity":3,"s:29:4:29:Infinity":4,"b:29:11:29:41:29:41:29:Infinity":0,"s:33:2:33:Infinity":5,"s:36:2:36:Infinity":6,"s:39:2:39:Infinity":7,"s:42:2:42:Infinity":8,"s:44:2:44:Infinity":9,"f:51:16:51:35":2,"s:52:13:52:Infinity":10,"b:54:2:56:Infinity:undefined:undefined:undefined:undefined":1,"s:54:2:56:Infinity":11,"s:55:4:55:Infinity":12,"s:58:16:58:Infinity":13,"s:59:2:61:Infinity":14,"s:60:4:60:Infinity":15,"s:63:2:63:Infinity":16}}}
,"D:\\projects\\la-raid-stats\\src\\utils\\validators.ts": {"path":"D:\\projects\\la-raid-stats\\src\\utils\\validators.ts","statementMap":{"0":{"start":{"line":12,"column":27},"end":{"line":12,"column":null}},"1":{"start":{"line":14,"column":2},"end":{"line":16,"column":null}},"2":{"start":{"line":15,"column":4},"end":{"line":15,"column":null}},"3":{"start":{"line":18,"column":19},"end":{"line":18,"column":null}},"4":{"start":{"line":21,"column":2},"end":{"line":27,"column":null}},"5":{"start":{"line":22,"column":4},"end":{"line":22,"column":null}},"6":{"start":{"line":23,"column":9},"end":{"line":27,"column":null}},"7":{"start":{"line":24,"column":4},"end":{"line":24,"column":null}},"8":{"start":{"line":25,"column":9},"end":{"line":27,"column":null}},"9":{"start":{"line":26,"column":4},"end":{"line":26,"column":null}},"10":{"start":{"line":30,"column":2},"end":{"line":38,"column":null}},"11":{"start":{"line":31,"column":4},"end":{"line":31,"column":null}},"12":{"start":{"line":32,"column":9},"end":{"line":38,"column":null}},"13":{"start":{"line":33,"column":4},"end":{"line":33,"column":null}},"14":{"start":{"line":34,"column":9},"end":{"line":38,"column":null}},"15":{"start":{"line":35,"column":4},"end":{"line":35,"column":null}},"16":{"start":{"line":36,"column":9},"end":{"line":38,"column":null}},"17":{"start":{"line":37,"column":4},"end":{"line":37,"column":null}},"18":{"start":{"line":41,"column":2},"end":{"line":45,"column":null}},"19":{"start":{"line":42,"column":4},"end":{"line":42,"column":null}},"20":{"start":{"line":43,"column":9},"end":{"line":45,"column":null}},"21":{"start":{"line":43,"column":42},"end":{"line":43,"column":77}},"22":{"start":{"line":44,"column":4},"end":{"line":44,"column":null}},"23":{"start":{"line":48,"column":2},"end":{"line":52,"column":null}},"24":{"start":{"line":49,"column":4},"end":{"line":51,"column":null}},"25":{"start":{"line":50,"column":6},"end":{"line":50,"column":null}},"26":{"start":{"line":54,"column":2},"end":{"line":57,"column":null}},"27":{"start":{"line":62,"column":27},"end":{"line":62,"column":null}},"28":{"start":{"line":64,"column":2},"end":{"line":66,"column":null}},"29":{"start":{"line":65,"column":4},"end":{"line":65,"column":null}},"30":{"start":{"line":68,"column":19},"end":{"line":68,"column":null}},"31":{"start":{"line":71,"column":2},"end":{"line":75,"column":null}},"32":{"start":{"line":72,"column":4},"end":{"line":72,"column":null}},"33":{"start":{"line":73,"column":9},"end":{"line":75,"column":null}},"34":{"start":{"line":73,"column":41},"end":{"line":73,"column":66}},"35":{"start":{"line":74,"column":4},"end":{"line":74,"column":null}},"36":{"start":{"line":78,"column":2},"end":{"line":84,"column":null}},"37":{"start":{"line":79,"column":4},"end":{"line":79,"column":null}},"38":{"start":{"line":80,"column":9},"end":{"line":84,"column":null}},"39":{"start":{"line":81,"column":4},"end":{"line":81,"column":null}},"40":{"start":{"line":82,"column":9},"end":{"line":84,"column":null}},"41":{"start":{"line":83,"column":4},"end":{"line":83,"column":null}},"42":{"start":{"line":87,"column":2},"end":{"line":93,"column":null}},"43":{"start":{"line":88,"column":4},"end":{"line":88,"column":null}},"44":{"start":{"line":89,"column":9},"end":{"line":93,"column":null}},"45":{"start":{"line":90,"column":4},"end":{"line":90,"column":null}},"46":{"start":{"line":91,"column":9},"end":{"line":93,"column":null}},"47":{"start":{"line":92,"column":4},"end":{"line":92,"column":null}},"48":{"start":{"line":96,"column":2},"end":{"line":102,"column":null}},"49":{"start":{"line":97,"column":4},"end":{"line":97,"column":null}},"50":{"start":{"line":98,"column":9},"end":{"line":102,"column":null}},"51":{"start":{"line":99,"column":4},"end":{"line":99,"column":null}},"52":{"start":{"line":100,"column":9},"end":{"line":102,"column":null}},"53":{"start":{"line":101,"column":4},"end":{"line":101,"column":null}},"54":{"start":{"line":104,"column":2},"end":{"line":107,"column":null}},"55":{"start":{"line":112,"column":27},"end":{"line":112,"column":null}},"56":{"start":{"line":114,"column":2},"end":{"line":116,"column":null}},"57":{"start":{"line":115,"column":4},"end":{"line":115,"column":null}},"58":{"start":{"line":118,"column":19},"end":{"line":118,"column":null}},"59":{"start":{"line":121,"column":2},"end":{"line":127,"column":null}},"60":{"start":{"line":122,"column":4},"end":{"line":122,"column":null}},"61":{"start":{"line":123,"column":9},"end":{"line":127,"column":null}},"62":{"start":{"line":124,"column":4},"end":{"line":124,"column":null}},"63":{"start":{"line":125,"column":9},"end":{"line":127,"column":null}},"64":{"start":{"line":126,"column":4},"end":{"line":126,"column":null}},"65":{"start":{"line":130,"column":2},"end":{"line":141,"column":null}},"66":{"start":{"line":131,"column":4},"end":{"line":131,"column":null}},"67":{"start":{"line":132,"column":9},"end":{"line":141,"column":null}},"68":{"start":{"line":133,"column":4},"end":{"line":133,"column":null}},"69":{"start":{"line":135,"column":4},"end":{"line":140,"column":null}},"70":{"start":{"line":136,"column":21},"end":{"line":136,"column":null}},"71":{"start":{"line":137,"column":6},"end":{"line":139,"column":null}},"72":{"start":{"line":138,"column":8},"end":{"line":138,"column":null}},"73":{"start":{"line":138,"column":37},"end":{"line":138,"column":83}},"74":{"start":{"line":143,"column":2},"end":{"line":146,"column":null}},"75":{"start":{"line":151,"column":27},"end":{"line":151,"column":null}},"76":{"start":{"line":153,"column":2},"end":{"line":155,"column":null}},"77":{"start":{"line":154,"column":4},"end":{"line":154,"column":null}},"78":{"start":{"line":157,"column":21},"end":{"line":157,"column":null}},"79":{"start":{"line":160,"column":2},"end":{"line":162,"column":null}},"80":{"start":{"line":161,"column":4},"end":{"line":161,"column":null}},"81":{"start":{"line":165,"column":2},"end":{"line":174,"column":null}},"82":{"start":{"line":166,"column":4},"end":{"line":166,"column":null}},"83":{"start":{"line":168,"column":4},"end":{"line":173,"column":null}},"84":{"start":{"line":169,"column":21},"end":{"line":169,"column":null}},"85":{"start":{"line":170,"column":6},"end":{"line":172,"column":null}},"86":{"start":{"line":171,"column":8},"end":{"line":171,"column":null}},"87":{"start":{"line":171,"column":37},"end":{"line":171,"column":82}},"88":{"start":{"line":177,"column":2},"end":{"line":186,"column":null}},"89":{"start":{"line":178,"column":4},"end":{"line":178,"column":null}},"90":{"start":{"line":180,"column":4},"end":{"line":185,"column":null}},"91":{"start":{"line":181,"column":21},"end":{"line":181,"column":null}},"92":{"start":{"line":182,"column":6},"end":{"line":184,"column":null}},"93":{"start":{"line":183,"column":8},"end":{"line":183,"column":null}},"94":{"start":{"line":183,"column":37},"end":{"line":183,"column":77}},"95":{"start":{"line":188,"column":2},"end":{"line":191,"column":null}}},"fnMap":{"0":{"name":"validateCharacter","decl":{"start":{"line":11,"column":16},"end":{"line":11,"column":34}},"loc":{"start":{"line":11,"column":67},"end":{"line":58,"column":null}},"line":11},"1":{"name":"(anonymous_1)","decl":{"start":{"line":43,"column":32},"end":{"line":43,"column":37}},"loc":{"start":{"line":43,"column":42},"end":{"line":43,"column":77}},"line":43},"2":{"name":"validateDifficulty","decl":{"start":{"line":61,"column":16},"end":{"line":61,"column":35}},"loc":{"start":{"line":61,"column":68},"end":{"line":108,"column":null}},"line":61},"3":{"name":"(anonymous_3)","decl":{"start":{"line":73,"column":31},"end":{"line":73,"column":36}},"loc":{"start":{"line":73,"column":41},"end":{"line":73,"column":66}},"line":73},"4":{"name":"validateRaid","decl":{"start":{"line":111,"column":16},"end":{"line":111,"column":29}},"loc":{"start":{"line":111,"column":62},"end":{"line":147,"column":null}},"line":111},"5":{"name":"(anonymous_5)","decl":{"start":{"line":135,"column":26},"end":{"line":135,"column":35}},"loc":{"start":{"line":135,"column":68},"end":{"line":140,"column":5}},"line":135},"6":{"name":"(anonymous_6)","decl":{"start":{"line":138,"column":22},"end":{"line":138,"column":30}},"loc":{"start":{"line":138,"column":37},"end":{"line":138,"column":83}},"line":138},"7":{"name":"validateImportData","decl":{"start":{"line":150,"column":16},"end":{"line":150,"column":35}},"loc":{"start":{"line":150,"column":68},"end":{"line":192,"column":null}},"line":150},"8":{"name":"(anonymous_8)","decl":{"start":{"line":168,"column":26},"end":{"line":168,"column":35}},"loc":{"start":{"line":168,"column":68},"end":{"line":173,"column":5}},"line":168},"9":{"name":"(anonymous_9)","decl":{"start":{"line":171,"column":22},"end":{"line":171,"column":30}},"loc":{"start":{"line":171,"column":37},"end":{"line":171,"column":82}},"line":171},"10":{"name":"(anonymous_10)","decl":{"start":{"line":180,"column":21},"end":{"line":180,"column":30}},"loc":{"start":{"line":180,"column":63},"end":{"line":185,"column":5}},"line":180},"11":{"name":"(anonymous_11)","decl":{"start":{"line":183,"column":22},"end":{"line":183,"column":30}},"loc":{"start":{"line":183,"column":37},"end":{"line":183,"column":77}},"line":183}},"branchMap":{"0":{"loc":{"start":{"line":14,"column":2},"end":{"line":16,"column":null}},"type":"if","locations":[{"start":{"line":14,"column":2},"end":{"line":16,"column":null}},{"start":{},"end":{}}],"line":14},"1":{"loc":{"start":{"line":14,"column":6},"end":{"line":14,"column":41}},"type":"binary-expr","locations":[{"start":{"line":14,"column":6},"end":{"line":14,"column":15}},{"start":{"line":14,"column":15},"end":{"line":14,"column":41}}],"line":14},"2":{"loc":{"start":{"line":21,"column":2},"end":{"line":27,"column":null}},"type":"if","locations":[{"start":{"line":21,"column":2},"end":{"line":27,"column":null}},{"start":{"line":23,"column":9},"end":{"line":27,"column":null}}],"line":21},"3":{"loc":{"start":{"line":21,"column":6},"end":{"line":21,"column":59}},"type":"binary-expr","locations":[{"start":{"line":21,"column":6},"end":{"line":21,"column":24}},{"start":{"line":21,"column":24},"end":{"line":21,"column":59}}],"line":21},"4":{"loc":{"start":{"line":23,"column":9},"end":{"line":27,"column":null}},"type":"if","locations":[{"start":{"line":23,"column":9},"end":{"line":27,"column":null}},{"start":{"line":25,"column":9},"end":{"line":27,"column":null}}],"line":23},"5":{"loc":{"start":{"line":25,"column":9},"end":{"line":27,"column":null}},"type":"if","locations":[{"start":{"line":25,"column":9},"end":{"line":27,"column":null}},{"start":{},"end":{}}],"line":25},"6":{"loc":{"start":{"line":30,"column":2},"end":{"line":38,"column":null}},"type":"if","locations":[{"start":{"line":30,"column":2},"end":{"line":38,"column":null}},{"start":{"line":32,"column":9},"end":{"line":38,"column":null}}],"line":30},"7":{"loc":{"start":{"line":30,"column":6},"end":{"line":30,"column":71}},"type":"binary-expr","locations":[{"start":{"line":30,"column":6},"end":{"line":30,"column":42}},{"start":{"line":30,"column":42},"end":{"line":30,"column":71}}],"line":30},"8":{"loc":{"start":{"line":32,"column":9},"end":{"line":38,"column":null}},"type":"if","locations":[{"start":{"line":32,"column":9},"end":{"line":38,"column":null}},{"start":{"line":34,"column":9},"end":{"line":38,"column":null}}],"line":32},"9":{"loc":{"start":{"line":34,"column":9},"end":{"line":38,"column":null}},"type":"if","locations":[{"start":{"line":34,"column":9},"end":{"line":38,"column":null}},{"start":{"line":36,"column":9},"end":{"line":38,"column":null}}],"line":34},"10":{"loc":{"start":{"line":36,"column":9},"end":{"line":38,"column":null}},"type":"if","locations":[{"start":{"line":36,"column":9},"end":{"line":38,"column":null}},{"start":{},"end":{}}],"line":36},"11":{"loc":{"start":{"line":41,"column":2},"end":{"line":45,"column":null}},"type":"if","locations":[{"start":{"line":41,"column":2},"end":{"line":45,"column":null}},{"start":{"line":43,"column":9},"end":{"line":45,"column":null}}],"line":41},"12":{"loc":{"start":{"line":43,"column":9},"end":{"line":45,"column":null}},"type":"if","locations":[{"start":{"line":43,"column":9},"end":{"line":45,"column":null}},{"start":{},"end":{}}],"line":43},"13":{"loc":{"start":{"line":48,"column":2},"end":{"line":52,"column":null}},"type":"if","locations":[{"start":{"line":48,"column":2},"end":{"line":52,"column":null}},{"start":{},"end":{}}],"line":48},"14":{"loc":{"start":{"line":49,"column":4},"end":{"line":51,"column":null}},"type":"if","locations":[{"start":{"line":49,"column":4},"end":{"line":51,"column":null}},{"start":{},"end":{}}],"line":49},"15":{"loc":{"start":{"line":49,"column":8},"end":{"line":49,"column":131}},"type":"binary-expr","locations":[{"start":{"line":49,"column":8},"end":{"line":49,"column":37}},{"start":{"line":49,"column":37},"end":{"line":49,"column":85}},{"start":{"line":49,"column":85},"end":{"line":49,"column":131}}],"line":49},"16":{"loc":{"start":{"line":64,"column":2},"end":{"line":66,"column":null}},"type":"if","locations":[{"start":{"line":64,"column":2},"end":{"line":66,"column":null}},{"start":{},"end":{}}],"line":64},"17":{"loc":{"start":{"line":64,"column":6},"end":{"line":64,"column":41}},"type":"binary-expr","locations":[{"start":{"line":64,"column":6},"end":{"line":64,"column":15}},{"start":{"line":64,"column":15},"end":{"line":64,"column":41}}],"line":64},"18":{"loc":{"start":{"line":71,"column":2},"end":{"line":75,"column":null}},"type":"if","locations":[{"start":{"line":71,"column":2},"end":{"line":75,"column":null}},{"start":{"line":73,"column":9},"end":{"line":75,"column":null}}],"line":71},"19":{"loc":{"start":{"line":73,"column":9},"end":{"line":75,"column":null}},"type":"if","locations":[{"start":{"line":73,"column":9},"end":{"line":75,"column":null}},{"start":{},"end":{}}],"line":73},"20":{"loc":{"start":{"line":78,"column":2},"end":{"line":84,"column":null}},"type":"if","locations":[{"start":{"line":78,"column":2},"end":{"line":84,"column":null}},{"start":{"line":80,"column":9},"end":{"line":84,"column":null}}],"line":78},"21":{"loc":{"start":{"line":78,"column":6},"end":{"line":78,"column":87}},"type":"binary-expr","locations":[{"start":{"line":78,"column":6},"end":{"line":78,"column":50}},{"start":{"line":78,"column":50},"end":{"line":78,"column":87}}],"line":78},"22":{"loc":{"start":{"line":80,"column":9},"end":{"line":84,"column":null}},"type":"if","locations":[{"start":{"line":80,"column":9},"end":{"line":84,"column":null}},{"start":{"line":82,"column":9},"end":{"line":84,"column":null}}],"line":80},"23":{"loc":{"start":{"line":82,"column":9},"end":{"line":84,"column":null}},"type":"if","locations":[{"start":{"line":82,"column":9},"end":{"line":84,"column":null}},{"start":{},"end":{}}],"line":82},"24":{"loc":{"start":{"line":87,"column":2},"end":{"line":93,"column":null}},"type":"if","locations":[{"start":{"line":87,"column":2},"end":{"line":93,"column":null}},{"start":{"line":89,"column":9},"end":{"line":93,"column":null}}],"line":87},"25":{"loc":{"start":{"line":87,"column":6},"end":{"line":87,"column":75}},"type":"binary-expr","locations":[{"start":{"line":87,"column":6},"end":{"line":87,"column":44}},{"start":{"line":87,"column":44},"end":{"line":87,"column":75}}],"line":87},"26":{"loc":{"start":{"line":89,"column":9},"end":{"line":93,"column":null}},"type":"if","locations":[{"start":{"line":89,"column":9},"end":{"line":93,"column":null}},{"start":{"line":91,"column":9},"end":{"line":93,"column":null}}],"line":89},"27":{"loc":{"start":{"line":91,"column":9},"end":{"line":93,"column":null}},"type":"if","locations":[{"start":{"line":91,"column":9},"end":{"line":93,"column":null}},{"start":{},"end":{}}],"line":91},"28":{"loc":{"start":{"line":96,"column":2},"end":{"line":102,"column":null}},"type":"if","locations":[{"start":{"line":96,"column":2},"end":{"line":102,"column":null}},{"start":{"line":98,"column":9},"end":{"line":102,"column":null}}],"line":96},"29":{"loc":{"start":{"line":96,"column":6},"end":{"line":96,"column":75}},"type":"binary-expr","locations":[{"start":{"line":96,"column":6},"end":{"line":96,"column":44}},{"start":{"line":96,"column":44},"end":{"line":96,"column":75}}],"line":96},"30":{"loc":{"start":{"line":98,"column":9},"end":{"line":102,"column":null}},"type":"if","locations":[{"start":{"line":98,"column":9},"end":{"line":102,"column":null}},{"start":{"line":100,"column":9},"end":{"line":102,"column":null}}],"line":98},"31":{"loc":{"start":{"line":100,"column":9},"end":{"line":102,"column":null}},"type":"if","locations":[{"start":{"line":100,"column":9},"end":{"line":102,"column":null}},{"start":{},"end":{}}],"line":100},"32":{"loc":{"start":{"line":114,"column":2},"end":{"line":116,"column":null}},"type":"if","locations":[{"start":{"line":114,"column":2},"end":{"line":116,"column":null}},{"start":{},"end":{}}],"line":114},"33":{"loc":{"start":{"line":114,"column":6},"end":{"line":114,"column":41}},"type":"binary-expr","locations":[{"start":{"line":114,"column":6},"end":{"line":114,"column":15}},{"start":{"line":114,"column":15},"end":{"line":114,"column":41}}],"line":114},"34":{"loc":{"start":{"line":121,"column":2},"end":{"line":127,"column":null}},"type":"if","locations":[{"start":{"line":121,"column":2},"end":{"line":127,"column":null}},{"start":{"line":123,"column":9},"end":{"line":127,"column":null}}],"line":121},"35":{"loc":{"start":{"line":121,"column":6},"end":{"line":121,"column":59}},"type":"binary-expr","locations":[{"start":{"line":121,"column":6},"end":{"line":121,"column":24}},{"start":{"line":121,"column":24},"end":{"line":121,"column":59}}],"line":121},"36":{"loc":{"start":{"line":123,"column":9},"end":{"line":127,"column":null}},"type":"if","locations":[{"start":{"line":123,"column":9},"end":{"line":127,"column":null}},{"start":{"line":125,"column":9},"end":{"line":127,"column":null}}],"line":123},"37":{"loc":{"start":{"line":125,"column":9},"end":{"line":127,"column":null}},"type":"if","locations":[{"start":{"line":125,"column":9},"end":{"line":127,"column":null}},{"start":{},"end":{}}],"line":125},"38":{"loc":{"start":{"line":130,"column":2},"end":{"line":141,"column":null}},"type":"if","locations":[{"start":{"line":130,"column":2},"end":{"line":141,"column":null}},{"start":{"line":132,"column":9},"end":{"line":141,"column":null}}],"line":130},"39":{"loc":{"start":{"line":132,"column":9},"end":{"line":141,"column":null}},"type":"if","locations":[{"start":{"line":132,"column":9},"end":{"line":141,"column":null}},{"start":{"line":134,"column":9},"end":{"line":141,"column":null}}],"line":132},"40":{"loc":{"start":{"line":137,"column":6},"end":{"line":139,"column":null}},"type":"if","locations":[{"start":{"line":137,"column":6},"end":{"line":139,"column":null}},{"start":{},"end":{}}],"line":137},"41":{"loc":{"start":{"line":153,"column":2},"end":{"line":155,"column":null}},"type":"if","locations":[{"start":{"line":153,"column":2},"end":{"line":155,"column":null}},{"start":{},"end":{}}],"line":153},"42":{"loc":{"start":{"line":153,"column":6},"end":{"line":153,"column":41}},"type":"binary-expr","locations":[{"start":{"line":153,"column":6},"end":{"line":153,"column":15}},{"start":{"line":153,"column":15},"end":{"line":153,"column":41}}],"line":153},"43":{"loc":{"start":{"line":160,"column":2},"end":{"line":162,"column":null}},"type":"if","locations":[{"start":{"line":160,"column":2},"end":{"line":162,"column":null}},{"start":{},"end":{}}],"line":160},"44":{"loc":{"start":{"line":165,"column":2},"end":{"line":174,"column":null}},"type":"if","locations":[{"start":{"line":165,"column":2},"end":{"line":174,"column":null}},{"start":{"line":167,"column":9},"end":{"line":174,"column":null}}],"line":165},"45":{"loc":{"start":{"line":170,"column":6},"end":{"line":172,"column":null}},"type":"if","locations":[{"start":{"line":170,"column":6},"end":{"line":172,"column":null}},{"start":{},"end":{}}],"line":170},"46":{"loc":{"start":{"line":177,"column":2},"end":{"line":186,"column":null}},"type":"if","locations":[{"start":{"line":177,"column":2},"end":{"line":186,"column":null}},{"start":{"line":179,"column":9},"end":{"line":186,"column":null}}],"line":177},"47":{"loc":{"start":{"line":182,"column":6},"end":{"line":184,"column":null}},"type":"if","locations":[{"start":{"line":182,"column":6},"end":{"line":184,"column":null}},{"start":{},"end":{}}],"line":182}},"s":{"0":6,"1":6,"2":0,"3":6,"4":6,"5":1,"6":5,"7":0,"8":5,"9":0,"10":6,"11":0,"12":6,"13":0,"14":6,"15":1,"16":5,"17":0,"18":6,"19":0,"20":6,"21":68,"22":0,"23":6,"24":2,"25":1,"26":6,"27":6,"28":6,"29":0,"30":6,"31":6,"32":1,"33":5,"34":15,"35":0,"36":6,"37":0,"38":6,"39":0,"40":6,"41":0,"42":6,"43":0,"44":6,"45":0,"46":6,"47":1,"48":6,"49":0,"50":6,"51":0,"52":6,"53":0,"54":6,"55":4,"56":4,"57":0,"58":4,"59":4,"60":1,"61":3,"62":0,"63":3,"64":0,"65":4,"66":0,"67":4,"68":1,"69":3,"70":3,"71":3,"72":0,"73":0,"74":4,"75":2,"76":2,"77":0,"78":2,"79":2,"80":1,"81":2,"82":0,"83":2,"84":1,"85":1,"86":0,"87":0,"88":2,"89":0,"90":2,"91":1,"92":1,"93":0,"94":0,"95":2},"f":{"0":6,"1":68,"2":6,"3":15,"4":4,"5":3,"6":0,"7":2,"8":1,"9":0,"10":1,"11":0},"b":{"0":[0,6],"1":[6,6],"2":[1,5],"3":[6,5],"4":[0,5],"5":[0,5],"6":[0,6],"7":[6,6],"8":[0,6],"9":[1,5],"10":[0,5],"11":[0,6],"12":[0,6],"13":[2,4],"14":[1,1],"15":[2,1,1],"16":[0,6],"17":[6,6],"18":[1,5],"19":[0,5],"20":[0,6],"21":[6,6],"22":[0,6],"23":[0,6],"24":[0,6],"25":[6,6],"26":[0,6],"27":[1,5],"28":[0,6],"29":[6,6],"30":[0,6],"31":[0,6],"32":[0,4],"33":[4,4],"34":[1,3],"35":[4,3],"36":[0,3],"37":[0,3],"38":[0,4],"39":[1,3],"40":[0,3],"41":[0,2],"42":[2,2],"43":[1,1],"44":[0,2],"45":[0,1],"46":[0,2],"47":[0,1]},"meta":{"lastBranch":48,"lastFunction":12,"lastStatement":96,"seen":{"f:11:16:11:34":0,"s:12:27:12:Infinity":0,"b:14:2:16:Infinity:undefined:undefined:undefined:undefined":0,"s:14:2:16:Infinity":1,"b:14:6:14:15:14:15:14:41":1,"s:15:4:15:Infinity":2,"s:18:19:18:Infinity":3,"b:21:2:27:Infinity:23:9:27:Infinity":2,"s:21:2:27:Infinity":4,"b:21:6:21:24:21:24:21:59":3,"s:22:4:22:Infinity":5,"b:23:9:27:Infinity:25:9:27:Infinity":4,"s:23:9:27:Infinity":6,"s:24:4:24:Infinity":7,"b:25:9:27:Infinity:undefined:undefined:undefined:undefined":5,"s:25:9:27:Infinity":8,"s:26:4:26:Infinity":9,"b:30:2:38:Infinity:32:9:38:Infinity":6,"s:30:2:38:Infinity":10,"b:30:6:30:42:30:42:30:71":7,"s:31:4:31:Infinity":11,"b:32:9:38:Infinity:34:9:38:Infinity":8,"s:32:9:38:Infinity":12,"s:33:4:33:Infinity":13,"b:34:9:38:Infinity:36:9:38:Infinity":9,"s:34:9:38:Infinity":14,"s:35:4:35:Infinity":15,"b:36:9:38:Infinity:undefined:undefined:undefined:undefined":10,"s:36:9:38:Infinity":16,"s:37:4:37:Infinity":17,"b:41:2:45:Infinity:43:9:45:Infinity":11,"s:41:2:45:Infinity":18,"s:42:4:42:Infinity":19,"b:43:9:45:Infinity:undefined:undefined:undefined:undefined":12,"s:43:9:45:Infinity":20,"f:43:32:43:37":1,"s:43:42:43:77":21,"s:44:4:44:Infinity":22,"b:48:2:52:Infinity:undefined:undefined:undefined:undefined":13,"s:48:2:52:Infinity":23,"b:49:4:51:Infinity:undefined:undefined:undefined:undefined":14,"s:49:4:51:Infinity":24,"b:49:8:49:37:49:37:49:85:49:85:49:131":15,"s:50:6:50:Infinity":25,"s:54:2:57:Infinity":26,"f:61:16:61:35":2,"s:62:27:62:Infinity":27,"b:64:2:66:Infinity:undefined:undefined:undefined:undefined":16,"s:64:2:66:Infinity":28,"b:64:6:64:15:64:15:64:41":17,"s:65:4:65:Infinity":29,"s:68:19:68:Infinity":30,"b:71:2:75:Infinity:73:9:75:Infinity":18,"s:71:2:75:Infinity":31,"s:72:4:72:Infinity":32,"b:73:9:75:Infinity:undefined:undefined:undefined:undefined":19,"s:73:9:75:Infinity":33,"f:73:31:73:36":3,"s:73:41:73:66":34,"s:74:4:74:Infinity":35,"b:78:2:84:Infinity:80:9:84:Infinity":20,"s:78:2:84:Infinity":36,"b:78:6:78:50:78:50:78:87":21,"s:79:4:79:Infinity":37,"b:80:9:84:Infinity:82:9:84:Infinity":22,"s:80:9:84:Infinity":38,"s:81:4:81:Infinity":39,"b:82:9:84:Infinity:undefined:undefined:undefined:undefined":23,"s:82:9:84:Infinity":40,"s:83:4:83:Infinity":41,"b:87:2:93:Infinity:89:9:93:Infinity":24,"s:87:2:93:Infinity":42,"b:87:6:87:44:87:44:87:75":25,"s:88:4:88:Infinity":43,"b:89:9:93:Infinity:91:9:93:Infinity":26,"s:89:9:93:Infinity":44,"s:90:4:90:Infinity":45,"b:91:9:93:Infinity:undefined:undefined:undefined:undefined":27,"s:91:9:93:Infinity":46,"s:92:4:92:Infinity":47,"b:96:2:102:Infinity:98:9:102:Infinity":28,"s:96:2:102:Infinity":48,"b:96:6:96:44:96:44:96:75":29,"s:97:4:97:Infinity":49,"b:98:9:102:Infinity:100:9:102:Infinity":30,"s:98:9:102:Infinity":50,"s:99:4:99:Infinity":51,"b:100:9:102:Infinity:undefined:undefined:undefined:undefined":31,"s:100:9:102:Infinity":52,"s:101:4:101:Infinity":53,"s:104:2:107:Infinity":54,"f:111:16:111:29":4,"s:112:27:112:Infinity":55,"b:114:2:116:Infinity:undefined:undefined:undefined:undefined":32,"s:114:2:116:Infinity":56,"b:114:6:114:15:114:15:114:41":33,"s:115:4:115:Infinity":57,"s:118:19:118:Infinity":58,"b:121:2:127:Infinity:123:9:127:Infinity":34,"s:121:2:127:Infinity":59,"b:121:6:121:24:121:24:121:59":35,"s:122:4:122:Infinity":60,"b:123:9:127:Infinity:125:9:127:Infinity":36,"s:123:9:127:Infinity":61,"s:124:4:124:Infinity":62,"b:125:9:127:Infinity:undefined:undefined:undefined:undefined":37,"s:125:9:127:Infinity":63,"s:126:4:126:Infinity":64,"b:130:2:141:Infinity:132:9:141:Infinity":38,"s:130:2:141:Infinity":65,"s:131:4:131:Infinity":66,"b:132:9:141:Infinity:134:9:141:Infinity":39,"s:132:9:141:Infinity":67,"s:133:4:133:Infinity":68,"s:135:4:140:Infinity":69,"f:135:26:135:35":5,"s:136:21:136:Infinity":70,"b:137:6:139:Infinity:undefined:undefined:undefined:undefined":40,"s:137:6:139:Infinity":71,"s:138:8:138:Infinity":72,"f:138:22:138:30":6,"s:138:37:138:83":73,"s:143:2:146:Infinity":74,"f:150:16:150:35":7,"s:151:27:151:Infinity":75,"b:153:2:155:Infinity:undefined:undefined:undefined:undefined":41,"s:153:2:155:Infinity":76,"b:153:6:153:15:153:15:153:41":42,"s:154:4:154:Infinity":77,"s:157:21:157:Infinity":78,"b:160:2:162:Infinity:undefined:undefined:undefined:undefined":43,"s:160:2:162:Infinity":79,"s:161:4:161:Infinity":80,"b:165:2:174:Infinity:167:9:174:Infinity":44,"s:165:2:174:Infinity":81,"s:166:4:166:Infinity":82,"s:168:4:173:Infinity":83,"f:168:26:168:35":8,"s:169:21:169:Infinity":84,"b:170:6:172:Infinity:undefined:undefined:undefined:undefined":45,"s:170:6:172:Infinity":85,"s:171:8:171:Infinity":86,"f:171:22:171:30":9,"s:171:37:171:82":87,"b:177:2:186:Infinity:179:9:186:Infinity":46,"s:177:2:186:Infinity":88,"s:178:4:178:Infinity":89,"s:180:4:185:Infinity":90,"f:180:21:180:30":10,"s:181:21:181:Infinity":91,"b:182:6:184:Infinity:undefined:undefined:undefined:undefined":47,"s:182:6:184:Infinity":92,"s:183:8:183:Infinity":93,"f:183:22:183:30":11,"s:183:37:183:77":94,"s:188:2:191:Infinity":95}}}
}
