{"D:\\projects\\la-raid-stats\\src\\components\\atoms\\BaseButton.vue": {"path":"D:\\projects\\la-raid-stats\\src\\components\\atoms\\BaseButton.vue","statementMap":{"0":{"start":{"line":9,"column":13},"end":{"line":9,"column":null}},"1":{"start":{"line":14,"column":2},"end":{"line":14,"column":null}},"2":{"start":{"line":19,"column":2},"end":{"line":28,"column":null}}},"fnMap":{"0":{"name":"handleClick","decl":{"start":{"line":13,"column":9},"end":{"line":13,"column":21}},"loc":{"start":{"line":13,"column":40},"end":{"line":15,"column":null}},"line":13}},"branchMap":{"0":{"loc":{"start":{"line":21,"column":29},"end":{"line":21,"column":79}},"type":"binary-expr","locations":[{"start":{"line":21,"column":29},"end":{"line":21,"column":36}},{"start":{"line":21,"column":36},"end":{"line":21,"column":79}}],"line":21},"1":{"loc":{"start":{"line":22,"column":15},"end":{"line":22,"column":null}},"type":"binary-expr","locations":[{"start":{"line":22,"column":15},"end":{"line":22,"column":27}},{"start":{"line":22,"column":27},"end":{"line":22,"column":null}}],"line":22},"2":{"loc":{"start":{"line":23,"column":11},"end":{"line":23,"column":null}},"type":"binary-expr","locations":[{"start":{"line":23,"column":11},"end":{"line":23,"column":15}},{"start":{"line":23,"column":15},"end":{"line":23,"column":null}}],"line":23},"3":{"loc":{"start":{"line":26,"column":16},"end":{"line":26,"column":null}},"type":"cond-expr","locations":[{"start":{"line":26,"column":16},"end":{"line":26,"column":null}},{"start":{"line":26,"column":56},"end":{"line":26,"column":null}}],"line":26}},"s":{"0":30,"1":4,"2":30},"f":{"0":4},"b":{"0":[30,5],"1":[30,28],"2":[30,30],"3":[1,29]},"meta":{"lastBranch":4,"lastFunction":1,"lastStatement":3,"seen":{"s:9:13:9:Infinity":0,"f:13:9:13:21":0,"s:14:2:14:Infinity":1,"s:19:2:28:Infinity":2,"b:21:29:21:36:21:36:21:79":0,"b:22:15:22:27:22:27:22:Infinity":1,"b:23:11:23:15:23:15:23:Infinity":2,"b:26:16:26:Infinity:26:56:26:Infinity":3}}}
,"D:\\projects\\la-raid-stats\\src\\components\\atoms\\BaseCheckbox.vue": {"path":"D:\\projects\\la-raid-stats\\src\\components\\atoms\\BaseCheckbox.vue","statementMap":{"0":{"start":{"line":2,"column":6},"end":{"line":2,"column":null}},"1":{"start":{"line":12,"column":2},"end":{"line":25,"column":70}},"2":{"start":{"line":15,"column":15},"end":{"line":15,"column":null}}},"fnMap":{"0":{"name":"(anonymous_0)","decl":{"start":{"line":15,"column":15},"end":{"line":15,"column":20}},"loc":{"start":{"line":15,"column":15},"end":{"line":15,"column":null}},"line":15}},"branchMap":{"0":{"loc":{"start":{"line":15,"column":15},"end":{"line":15,"column":null}},"type":"binary-expr","locations":[{"start":{"line":15,"column":15},"end":{"line":15,"column":20}},{"start":{"line":15,"column":15},"end":{"line":15,"column":null}}],"line":15},"1":{"loc":{"start":{"line":20,"column":4},"end":{"line":22,"column":118}},"type":"binary-expr","locations":[{"start":{"line":20,"column":4},"end":{"line":20,"column":10}},{"start":{"line":20,"column":4},"end":{"line":22,"column":118}}],"line":20},"2":{"loc":{"start":{"line":25,"column":16},"end":{"line":25,"column":70}},"type":"cond-expr","locations":[{"start":{"line":25,"column":16},"end":{"line":25,"column":70}},{"start":{"line":25,"column":60},"end":{"line":25,"column":70}}],"line":25}},"s":{"0":18,"1":19,"2":1},"f":{"0":1},"b":{"0":[19,18],"1":[19,18],"2":[2,17]},"meta":{"lastBranch":0,"lastFunction":0,"lastStatement":0,"seen":{}}}
,"D:\\projects\\la-raid-stats\\src\\components\\atoms\\BaseInput.vue": {"path":"D:\\projects\\la-raid-stats\\src\\components\\atoms\\BaseInput.vue","statementMap":{"0":{"start":{"line":4,"column":6},"end":{"line":4,"column":null}},"1":{"start":{"line":6,"column":14},"end":{"line":6,"column":null}},"2":{"start":{"line":16,"column":13},"end":{"line":16,"column":null}},"3":{"start":{"line":22,"column":0},"end":{"line":30,"column":null}},"4":{"start":{"line":23,"column":2},"end":{"line":29,"column":null}},"5":{"start":{"line":24,"column":21},"end":{"line":24,"column":null}},"6":{"start":{"line":25,"column":21},"end":{"line":25,"column":null}},"7":{"start":{"line":26,"column":4},"end":{"line":28,"column":null}},"8":{"start":{"line":27,"column":6},"end":{"line":27,"column":null}},"9":{"start":{"line":38,"column":9},"end":{"line":38,"column":null}},"10":{"start":{"line":34,"column":2},"end":{"line":51,"column":null}},"11":{"start":{"line":41,"column":17},"end":{"line":41,"column":null}},"12":{"start":{"line":46,"column":15},"end":{"line":46,"column":null}},"13":{"start":{"line":47,"column":16},"end":{"line":47,"column":null}}},"fnMap":{"0":{"name":"(anonymous_0)","decl":{"start":{"line":22,"column":6},"end":{"line":22,"column":14}},"loc":{"start":{"line":22,"column":27},"end":{"line":30,"column":1}},"line":22},"1":{"name":"(anonymous_1)","decl":{"start":{"line":41,"column":17},"end":{"line":41,"column":22}},"loc":{"start":{"line":41,"column":17},"end":{"line":41,"column":null}},"line":41},"2":{"name":"(anonymous_2)","decl":{"start":{"line":46,"column":13},"end":{"line":46,"column":15}},"loc":{"start":{"line":46,"column":15},"end":{"line":46,"column":null}},"line":46},"3":{"name":"(anonymous_3)","decl":{"start":{"line":47,"column":14},"end":{"line":47,"column":16}},"loc":{"start":{"line":47,"column":16},"end":{"line":47,"column":null}},"line":47}},"branchMap":{"0":{"loc":{"start":{"line":23,"column":2},"end":{"line":29,"column":null}},"type":"if","locations":[{"start":{"line":23,"column":2},"end":{"line":29,"column":null}},{"start":{},"end":{}}],"line":23},"1":{"loc":{"start":{"line":23,"column":6},"end":{"line":23,"column":58}},"type":"binary-expr","locations":[{"start":{"line":23,"column":6},"end":{"line":23,"column":33}},{"start":{"line":23,"column":33},"end":{"line":23,"column":58}}],"line":23},"2":{"loc":{"start":{"line":24,"column":21},"end":{"line":24,"column":null}},"type":"cond-expr","locations":[{"start":{"line":24,"column":53},"end":{"line":24,"column":73}},{"start":{"line":24,"column":73},"end":{"line":24,"column":null}}],"line":24},"3":{"loc":{"start":{"line":26,"column":4},"end":{"line":28,"column":null}},"type":"if","locations":[{"start":{"line":26,"column":4},"end":{"line":28,"column":null}},{"start":{},"end":{}}],"line":26},"4":{"loc":{"start":{"line":26,"column":8},"end":{"line":26,"column":49}},"type":"binary-expr","locations":[{"start":{"line":26,"column":8},"end":{"line":26,"column":28}},{"start":{"line":26,"column":28},"end":{"line":26,"column":49}}],"line":26},"5":{"loc":{"start":{"line":35,"column":17},"end":{"line":36,"column":null}},"type":"cond-expr","locations":[{"start":{"line":35,"column":17},"end":{"line":36,"column":null}},{"start":{"line":36,"column":14},"end":{"line":36,"column":null}}],"line":35},"6":{"loc":{"start":{"line":41,"column":17},"end":{"line":41,"column":null}},"type":"binary-expr","locations":[{"start":{"line":41,"column":17},"end":{"line":41,"column":22}},{"start":{"line":41,"column":17},"end":{"line":41,"column":null}}],"line":41},"7":{"loc":{"start":{"line":43,"column":15},"end":{"line":43,"column":null}},"type":"binary-expr","locations":[{"start":{"line":43,"column":15},"end":{"line":43,"column":19}},{"start":{"line":43,"column":19},"end":{"line":43,"column":null}}],"line":43},"8":{"loc":{"start":{"line":46,"column":13},"end":{"line":46,"column":null}},"type":"binary-expr","locations":[{"start":{"line":46,"column":13},"end":{"line":46,"column":15}},{"start":{"line":46,"column":13},"end":{"line":46,"column":null}}],"line":46},"9":{"loc":{"start":{"line":47,"column":14},"end":{"line":47,"column":null}},"type":"binary-expr","locations":[{"start":{"line":47,"column":14},"end":{"line":47,"column":16}},{"start":{"line":47,"column":14},"end":{"line":47,"column":null}}],"line":47},"10":{"loc":{"start":{"line":50,"column":15},"end":{"line":51,"column":null}},"type":"cond-expr","locations":[{"start":{"line":50,"column":15},"end":{"line":51,"column":null}},{"start":{"line":51,"column":14},"end":{"line":51,"column":null}}],"line":50}},"s":{"0":12,"1":12,"2":12,"3":12,"4":1,"5":0,"6":0,"7":0,"8":0,"9":1,"10":13,"11":1,"12":1,"13":1},"f":{"0":1,"1":1,"2":1,"3":1},"b":{"0":[0,1],"1":[1,0],"2":[0,0],"3":[0,0],"4":[0,0],"5":[1,12],"6":[13,12],"7":[13,12],"8":[13,12],"9":[13,12],"10":[2,11]},"meta":{"lastBranch":0,"lastFunction":0,"lastStatement":0,"seen":{}}}
,"D:\\projects\\la-raid-stats\\src\\components\\atoms\\BaseRadioGroup.vue": {"path":"D:\\projects\\la-raid-stats\\src\\components\\atoms\\BaseRadioGroup.vue","statementMap":{"0":{"start":{"line":9,"column":6},"end":{"line":9,"column":null}},"1":{"start":{"line":11,"column":14},"end":{"line":11,"column":null}},"2":{"start":{"line":17,"column":2},"end":{"line":17,"column":null}},"3":{"start":{"line":43,"column":12},"end":{"line":43,"column":null}},"4":{"start":{"line":44,"column":14},"end":{"line":44,"column":49}},"5":{"start":{"line":22,"column":2},"end":{"line":46,"column":null}},"6":{"start":{"line":27,"column":4},"end":{"line":46,"column":null}},"7":{"start":{"line":40,"column":17},"end":{"line":40,"column":null}}},"fnMap":{"0":{"name":"handleChange","decl":{"start":{"line":16,"column":9},"end":{"line":16,"column":22}},"loc":{"start":{"line":16,"column":37},"end":{"line":18,"column":null}},"line":16},"1":{"name":"(anonymous_1)","decl":{"start":{"line":28,"column":23},"end":{"line":28,"column":null}},"loc":{"start":{"line":28,"column":19},"end":{"line":46,"column":null}},"line":28},"2":{"name":"(anonymous_2)","decl":{"start":{"line":40,"column":9},"end":{"line":40,"column":15}},"loc":{"start":{"line":40,"column":17},"end":{"line":40,"column":null}},"line":40}},"branchMap":{"0":{"loc":{"start":{"line":42,"column":6},"end":{"line":42,"column":46}},"type":"binary-expr","locations":[{"start":{"line":42,"column":6},"end":{"line":42,"column":12}},{"start":{"line":42,"column":6},"end":{"line":42,"column":46}}],"line":42},"1":{"loc":{"start":{"line":45,"column":20},"end":{"line":46,"column":null}},"type":"cond-expr","locations":[{"start":{"line":45,"column":27},"end":{"line":46,"column":null}},{"start":{"line":46,"column":31},"end":{"line":46,"column":null}}],"line":45}},"s":{"0":6,"1":6,"2":1,"3":1,"4":1,"5":7,"6":20,"7":1},"f":{"0":1,"1":20,"2":1},"b":{"0":[20,6],"1":[2,18]},"meta":{"lastBranch":0,"lastFunction":0,"lastStatement":0,"seen":{}}}
,"D:\\projects\\la-raid-stats\\src\\components\\atoms\\BaseSelect.vue": {"path":"D:\\projects\\la-raid-stats\\src\\components\\atoms\\BaseSelect.vue","statementMap":{"0":{"start":{"line":5,"column":6},"end":{"line":5,"column":null}},"1":{"start":{"line":7,"column":14},"end":{"line":7,"column":null}},"2":{"start":{"line":17,"column":13},"end":{"line":17,"column":null}},"3":{"start":{"line":21,"column":6},"end":{"line":21,"column":null}},"4":{"start":{"line":22,"column":6},"end":{"line":22,"column":null}},"5":{"start":{"line":23,"column":6},"end":{"line":23,"column":null}},"6":{"start":{"line":24,"column":6},"end":{"line":24,"column":null}},"7":{"start":{"line":27,"column":6},"end":{"line":37,"column":null}},"8":{"start":{"line":28,"column":2},"end":{"line":30,"column":null}},"9":{"start":{"line":29,"column":4},"end":{"line":29,"column":null}},"10":{"start":{"line":32,"column":19},"end":{"line":32,"column":null}},"11":{"start":{"line":32,"column":43},"end":{"line":32,"column":66}},"12":{"start":{"line":33,"column":2},"end":{"line":35,"column":null}},"13":{"start":{"line":34,"column":4},"end":{"line":34,"column":null}},"14":{"start":{"line":36,"column":2},"end":{"line":36,"column":null}},"15":{"start":{"line":39,"column":6},"end":{"line":45,"column":null}},"16":{"start":{"line":40,"column":2},"end":{"line":40,"column":null}},"17":{"start":{"line":40,"column":26},"end":{"line":40,"column":null}},"18":{"start":{"line":41,"column":16},"end":{"line":41,"column":null}},"19":{"start":{"line":42,"column":2},"end":{"line":44,"column":null}},"20":{"start":{"line":43,"column":4},"end":{"line":43,"column":null}},"21":{"start":{"line":48,"column":2},"end":{"line":48,"column":null}},"22":{"start":{"line":48,"column":24},"end":{"line":48,"column":null}},"23":{"start":{"line":50,"column":15},"end":{"line":50,"column":null}},"24":{"start":{"line":51,"column":25},"end":{"line":51,"column":null}},"25":{"start":{"line":54,"column":21},"end":{"line":54,"column":null}},"26":{"start":{"line":55,"column":21},"end":{"line":55,"column":null}},"27":{"start":{"line":58,"column":25},"end":{"line":58,"column":null}},"28":{"start":{"line":60,"column":2},"end":{"line":78,"column":null}},"29":{"start":{"line":62,"column":4},"end":{"line":68,"column":null}},"30":{"start":{"line":71,"column":4},"end":{"line":77,"column":null}},"31":{"start":{"line":82,"column":2},"end":{"line":86,"column":null}},"32":{"start":{"line":83,"column":4},"end":{"line":83,"column":null}},"33":{"start":{"line":84,"column":4},"end":{"line":84,"column":null}},"34":{"start":{"line":85,"column":4},"end":{"line":85,"column":null}},"35":{"start":{"line":91,"column":2},"end":{"line":94,"column":null}},"36":{"start":{"line":92,"column":4},"end":{"line":92,"column":null}},"37":{"start":{"line":93,"column":4},"end":{"line":93,"column":null}},"38":{"start":{"line":98,"column":2},"end":{"line":98,"column":null}},"39":{"start":{"line":99,"column":2},"end":{"line":99,"column":null}},"40":{"start":{"line":100,"column":2},"end":{"line":100,"column":null}},"41":{"start":{"line":101,"column":2},"end":{"line":101,"column":null}},"42":{"start":{"line":105,"column":17},"end":{"line":105,"column":null}},"43":{"start":{"line":106,"column":16},"end":{"line":106,"column":null}},"44":{"start":{"line":107,"column":2},"end":{"line":107,"column":null}},"45":{"start":{"line":111,"column":0},"end":{"line":114,"column":null}},"46":{"start":{"line":112,"column":2},"end":{"line":112,"column":null}},"47":{"start":{"line":113,"column":2},"end":{"line":113,"column":null}},"48":{"start":{"line":116,"column":0},"end":{"line":119,"column":null}},"49":{"start":{"line":117,"column":2},"end":{"line":117,"column":null}},"50":{"start":{"line":118,"column":2},"end":{"line":118,"column":null}},"51":{"start":{"line":131,"column":9},"end":{"line":131,"column":null}},"52":{"start":{"line":123,"column":2},"end":{"line":193,"column":null}},"53":{"start":{"line":142,"column":18},"end":{"line":142,"column":null}},"54":{"start":{"line":145,"column":27},"end":{"line":145,"column":null}},"55":{"start":{"line":152,"column":10},"end":{"line":160,"column":null}},"56":{"start":{"line":158,"column":20},"end":{"line":158,"column":null}},"57":{"start":{"line":176,"column":17},"end":{"line":176,"column":null}},"58":{"start":{"line":182,"column":8},"end":{"line":187,"column":null}}},"fnMap":{"0":{"name":"(anonymous_0)","decl":{"start":{"line":27,"column":20},"end":{"line":27,"column":35}},"loc":{"start":{"line":27,"column":35},"end":{"line":37,"column":1}},"line":27},"1":{"name":"(anonymous_1)","decl":{"start":{"line":32,"column":33},"end":{"line":32,"column":38}},"loc":{"start":{"line":32,"column":43},"end":{"line":32,"column":66}},"line":32},"2":{"name":"(anonymous_2)","decl":{"start":{"line":39,"column":24},"end":{"line":39,"column":39}},"loc":{"start":{"line":39,"column":39},"end":{"line":45,"column":1}},"line":39},"3":{"name":"(anonymous_3)","decl":{"start":{"line":42,"column":23},"end":{"line":42,"column":30}},"loc":{"start":{"line":43,"column":4},"end":{"line":43,"column":null}},"line":43},"4":{"name":"updateDropdownPosition","decl":{"start":{"line":47,"column":9},"end":{"line":47,"column":34}},"loc":{"start":{"line":47,"column":34},"end":{"line":79,"column":null}},"line":47},"5":{"name":"handleFocus","decl":{"start":{"line":81,"column":9},"end":{"line":81,"column":23}},"loc":{"start":{"line":81,"column":23},"end":{"line":87,"column":null}},"line":81},"6":{"name":"handleBlur","decl":{"start":{"line":89,"column":9},"end":{"line":89,"column":22}},"loc":{"start":{"line":89,"column":22},"end":{"line":95,"column":null}},"line":89},"7":{"name":"(anonymous_7)","decl":{"start":{"line":91,"column":2},"end":{"line":91,"column":19}},"loc":{"start":{"line":91,"column":19},"end":{"line":94,"column":5}},"line":91},"8":{"name":"selectOption","decl":{"start":{"line":97,"column":9},"end":{"line":97,"column":22}},"loc":{"start":{"line":97,"column":44},"end":{"line":102,"column":null}},"line":97},"9":{"name":"handleChange","decl":{"start":{"line":104,"column":9},"end":{"line":104,"column":22}},"loc":{"start":{"line":104,"column":36},"end":{"line":108,"column":null}},"line":104},"10":{"name":"(anonymous_10)","decl":{"start":{"line":111,"column":0},"end":{"line":111,"column":16}},"loc":{"start":{"line":111,"column":16},"end":{"line":114,"column":1}},"line":111},"11":{"name":"(anonymous_11)","decl":{"start":{"line":116,"column":0},"end":{"line":116,"column":18}},"loc":{"start":{"line":116,"column":18},"end":{"line":119,"column":1}},"line":116},"12":{"name":"(anonymous_12)","decl":{"start":{"line":142,"column":16},"end":{"line":142,"column":18}},"loc":{"start":{"line":142,"column":18},"end":{"line":142,"column":null}},"line":142},"13":{"name":"(anonymous_13)","decl":{"start":{"line":145,"column":18},"end":{"line":145,"column":27}},"loc":{"start":{"line":145,"column":27},"end":{"line":145,"column":null}},"line":145},"14":{"name":"(anonymous_14)","decl":{"start":{"line":153,"column":29},"end":{"line":153,"column":null}},"loc":{"start":{"line":153,"column":25},"end":{"line":160,"column":null}},"line":153},"15":{"name":"(anonymous_15)","decl":{"start":{"line":158,"column":13},"end":{"line":158,"column":18}},"loc":{"start":{"line":158,"column":20},"end":{"line":158,"column":null}},"line":158},"16":{"name":"(anonymous_16)","decl":{"start":{"line":176,"column":17},"end":{"line":176,"column":22}},"loc":{"start":{"line":176,"column":17},"end":{"line":176,"column":null}},"line":176},"17":{"name":"(anonymous_17)","decl":{"start":{"line":183,"column":27},"end":{"line":183,"column":null}},"loc":{"start":{"line":183,"column":23},"end":{"line":187,"column":null}},"line":183}},"branchMap":{"0":{"loc":{"start":{"line":28,"column":2},"end":{"line":30,"column":null}},"type":"if","locations":[{"start":{"line":28,"column":2},"end":{"line":30,"column":null}},{"start":{},"end":{}}],"line":28},"1":{"loc":{"start":{"line":33,"column":2},"end":{"line":35,"column":null}},"type":"if","locations":[{"start":{"line":33,"column":2},"end":{"line":35,"column":null}},{"start":{},"end":{}}],"line":33},"2":{"loc":{"start":{"line":33,"column":6},"end":{"line":33,"column":41}},"type":"binary-expr","locations":[{"start":{"line":33,"column":6},"end":{"line":33,"column":18}},{"start":{"line":33,"column":18},"end":{"line":33,"column":41}}],"line":33},"3":{"loc":{"start":{"line":40,"column":2},"end":{"line":40,"column":null}},"type":"if","locations":[{"start":{"line":40,"column":2},"end":{"line":40,"column":null}},{"start":{},"end":{}}],"line":40},"4":{"loc":{"start":{"line":48,"column":2},"end":{"line":48,"column":null}},"type":"if","locations":[{"start":{"line":48,"column":2},"end":{"line":48,"column":null}},{"start":{},"end":{}}],"line":48},"5":{"loc":{"start":{"line":60,"column":2},"end":{"line":78,"column":null}},"type":"if","locations":[{"start":{"line":60,"column":2},"end":{"line":78,"column":null}},{"start":{"line":69,"column":9},"end":{"line":78,"column":null}}],"line":60},"6":{"loc":{"start":{"line":60,"column":6},"end":{"line":60,"column":56}},"type":"binary-expr","locations":[{"start":{"line":60,"column":6},"end":{"line":60,"column":31}},{"start":{"line":60,"column":31},"end":{"line":60,"column":56}}],"line":60},"7":{"loc":{"start":{"line":82,"column":2},"end":{"line":86,"column":null}},"type":"if","locations":[{"start":{"line":82,"column":2},"end":{"line":86,"column":null}},{"start":{},"end":{}}],"line":82},"8":{"loc":{"start":{"line":127,"column":17},"end":{"line":128,"column":null}},"type":"cond-expr","locations":[{"start":{"line":127,"column":17},"end":{"line":128,"column":null}},{"start":{"line":128,"column":14},"end":{"line":128,"column":null}}],"line":127},"9":{"loc":{"start":{"line":133,"column":22},"end":{"line":176,"column":null}},"type":"cond-expr","locations":[{"start":{"line":133,"column":22},"end":{"line":173,"column":null}},{"start":{"line":173,"column":6},"end":{"line":176,"column":null}}],"line":133},"10":{"loc":{"start":{"line":142,"column":16},"end":{"line":142,"column":null}},"type":"binary-expr","locations":[{"start":{"line":142,"column":16},"end":{"line":142,"column":18}},{"start":{"line":142,"column":16},"end":{"line":142,"column":null}}],"line":142},"11":{"loc":{"start":{"line":145,"column":18},"end":{"line":145,"column":null}},"type":"binary-expr","locations":[{"start":{"line":145,"column":18},"end":{"line":145,"column":27}},{"start":{"line":145,"column":18},"end":{"line":145,"column":null}}],"line":145},"12":{"loc":{"start":{"line":148,"column":16},"end":{"line":168,"column":65}},"type":"cond-expr","locations":[{"start":{"line":148,"column":48},"end":{"line":164,"column":31}},{"start":{"line":164,"column":21},"end":{"line":168,"column":65}}],"line":148},"13":{"loc":{"start":{"line":148,"column":16},"end":{"line":148,"column":null}},"type":"binary-expr","locations":[{"start":{"line":148,"column":16},"end":{"line":148,"column":26}},{"start":{"line":148,"column":26},"end":{"line":148,"column":null}}],"line":148},"14":{"loc":{"start":{"line":164,"column":21},"end":{"line":168,"column":65}},"type":"cond-expr","locations":[{"start":{"line":164,"column":53},"end":{"line":168,"column":65}}],"line":164},"15":{"loc":{"start":{"line":164,"column":21},"end":{"line":164,"column":null}},"type":"binary-expr","locations":[{"start":{"line":164,"column":21},"end":{"line":164,"column":31}},{"start":{"line":164,"column":31},"end":{"line":164,"column":null}}],"line":164},"16":{"loc":{"start":{"line":168,"column":10},"end":{"line":168,"column":65}},"type":"binary-expr","locations":[{"start":{"line":168,"column":10},"end":{"line":168,"column":15}},{"start":{"line":168,"column":10},"end":{"line":168,"column":65}}],"line":168},"17":{"loc":{"start":{"line":176,"column":17},"end":{"line":176,"column":null}},"type":"binary-expr","locations":[{"start":{"line":176,"column":17},"end":{"line":176,"column":22}},{"start":{"line":176,"column":17},"end":{"line":176,"column":null}}],"line":176},"18":{"loc":{"start":{"line":181,"column":22},"end":{"line":181,"column":79}},"type":"cond-expr","locations":[{"start":{"line":181,"column":22},"end":{"line":181,"column":79}},{"start":{"line":181,"column":67},"end":{"line":181,"column":79}}],"line":181},"19":{"loc":{"start":{"line":192,"column":15},"end":{"line":193,"column":null}},"type":"cond-expr","locations":[{"start":{"line":192,"column":15},"end":{"line":193,"column":null}},{"start":{"line":193,"column":14},"end":{"line":193,"column":null}}],"line":192}},"s":{"0":9,"1":9,"2":9,"3":9,"4":9,"5":9,"6":9,"7":9,"8":0,"9":0,"10":0,"11":0,"12":0,"13":0,"14":0,"15":9,"16":0,"17":0,"18":0,"19":0,"20":0,"21":0,"22":0,"23":0,"24":0,"25":0,"26":0,"27":0,"28":0,"29":0,"30":0,"31":0,"32":0,"33":0,"34":0,"35":0,"36":0,"37":0,"38":0,"39":0,"40":0,"41":0,"42":2,"43":2,"44":2,"45":9,"46":9,"47":9,"48":9,"49":0,"50":0,"51":1,"52":10,"53":0,"54":0,"55":0,"56":0,"57":2,"58":30},"f":{"0":0,"1":0,"2":0,"3":0,"4":0,"5":0,"6":0,"7":0,"8":0,"9":2,"10":9,"11":0,"12":0,"13":0,"14":0,"15":0,"16":2,"17":30},"b":{"0":[0,0],"1":[0,0],"2":[0,0],"3":[0,0],"4":[0,0],"5":[0,0],"6":[0,0],"7":[0,0],"8":[1,9],"9":[0,10],"10":[0,0],"11":[0,0],"12":[0,0],"13":[0,0],"14":[0],"15":[0,0],"16":[0,0],"17":[10,9],"18":[0,10],"19":[1,9]},"meta":{"lastBranch":0,"lastFunction":0,"lastStatement":0,"seen":{}}}
,"D:\\projects\\la-raid-stats\\src\\components\\atoms\\BaseTooltip.vue": {"path":"D:\\projects\\la-raid-stats\\src\\components\\atoms\\BaseTooltip.vue","statementMap":{"0":{"start":{"line":10,"column":6},"end":{"line":10,"column":null}},"1":{"start":{"line":14,"column":2},"end":{"line":30,"column":null}},"2":{"start":{"line":17,"column":17},"end":{"line":17,"column":null}},"3":{"start":{"line":18,"column":17},"end":{"line":18,"column":null}},"4":{"start":{"line":19,"column":14},"end":{"line":19,"column":null}},"5":{"start":{"line":20,"column":15},"end":{"line":20,"column":null}},"6":{"start":{"line":31,"column":12},"end":{"line":30,"column":null}}},"fnMap":{"0":{"name":"(anonymous_0)","decl":{"start":{"line":17,"column":15},"end":{"line":17,"column":17}},"loc":{"start":{"line":17,"column":17},"end":{"line":17,"column":null}},"line":17},"1":{"name":"(anonymous_1)","decl":{"start":{"line":18,"column":15},"end":{"line":18,"column":17}},"loc":{"start":{"line":18,"column":17},"end":{"line":18,"column":null}},"line":18},"2":{"name":"(anonymous_2)","decl":{"start":{"line":19,"column":12},"end":{"line":19,"column":14}},"loc":{"start":{"line":19,"column":14},"end":{"line":19,"column":null}},"line":19},"3":{"name":"(anonymous_3)","decl":{"start":{"line":20,"column":13},"end":{"line":20,"column":15}},"loc":{"start":{"line":20,"column":15},"end":{"line":20,"column":null}},"line":20},"4":{"name":"(anonymous_4)","decl":{"start":{"line":31,"column":12},"end":{"line":31,"column":null}},"loc":{"start":{"line":31,"column":12},"end":{"line":30,"column":null}},"line":31}},"branchMap":{"0":{"loc":{"start":{"line":17,"column":15},"end":{"line":17,"column":null}},"type":"binary-expr","locations":[{"start":{"line":17,"column":15},"end":{"line":17,"column":17}},{"start":{"line":17,"column":15},"end":{"line":17,"column":null}}],"line":17},"1":{"loc":{"start":{"line":18,"column":15},"end":{"line":18,"column":null}},"type":"binary-expr","locations":[{"start":{"line":18,"column":15},"end":{"line":18,"column":17}},{"start":{"line":18,"column":15},"end":{"line":18,"column":null}}],"line":18},"2":{"loc":{"start":{"line":19,"column":12},"end":{"line":19,"column":null}},"type":"binary-expr","locations":[{"start":{"line":19,"column":12},"end":{"line":19,"column":14}},{"start":{"line":19,"column":12},"end":{"line":19,"column":null}}],"line":19},"3":{"loc":{"start":{"line":20,"column":13},"end":{"line":20,"column":null}},"type":"binary-expr","locations":[{"start":{"line":20,"column":13},"end":{"line":20,"column":15}},{"start":{"line":20,"column":13},"end":{"line":20,"column":null}}],"line":20},"4":{"loc":{"start":{"line":25,"column":14},"end":{"line":30,"column":null}},"type":"cond-expr","locations":[{"start":{"line":25,"column":39},"end":{"line":30,"column":null}},{"start":{"line":30,"column":18},"end":{"line":30,"column":null}}],"line":25},"5":{"loc":{"start":{"line":25,"column":14},"end":{"line":25,"column":null}},"type":"binary-expr","locations":[{"start":{"line":25,"column":14},"end":{"line":25,"column":27}},{"start":{"line":25,"column":27},"end":{"line":25,"column":34}},{"start":{"line":25,"column":34},"end":{"line":25,"column":null}}],"line":25},"6":{"loc":{"start":{"line":27,"column":43},"end":{"line":27,"column":null}},"type":"binary-expr","locations":[{"start":{"line":27,"column":43},"end":{"line":27,"column":51}},{"start":{"line":27,"column":51},"end":{"line":27,"column":null}}],"line":27}},"s":{"0":6,"1":6,"2":3,"3":1,"4":0,"5":0,"6":10},"f":{"0":3,"1":1,"2":0,"3":0,"4":10},"b":{"0":[6,6],"1":[6,6],"2":[6,6],"3":[6,6],"4":[2,8],"5":[10,3,3],"6":[2,2]},"meta":{"lastBranch":7,"lastFunction":5,"lastStatement":7,"seen":{"s:10:6:10:Infinity":0,"s:14:2:30:Infinity":1,"b:17:15:17:17:17:15:17:Infinity":0,"f:17:15:17:17":0,"s:17:17:17:Infinity":2,"b:18:15:18:17:18:15:18:Infinity":1,"f:18:15:18:17":1,"s:18:17:18:Infinity":3,"b:19:12:19:14:19:12:19:Infinity":2,"f:19:12:19:14":2,"s:19:14:19:Infinity":4,"b:20:13:20:15:20:13:20:Infinity":3,"f:20:13:20:15":3,"s:20:15:20:Infinity":5,"f:31:12:31:Infinity":4,"s:31:12:30:Infinity":6,"b:25:39:30:Infinity:30:18:30:Infinity":4,"b:25:14:25:27:25:27:25:34:25:34:25:Infinity":5,"b:27:43:27:51:27:51:27:Infinity":6}}}
,"D:\\projects\\la-raid-stats\\src\\components\\atoms\\RaidDifficultyChip.vue": {"path":"D:\\projects\\la-raid-stats\\src\\components\\atoms\\RaidDifficultyChip.vue","statementMap":{"0":{"start":{"line":16,"column":14},"end":{"line":16,"column":null}},"1":{"start":{"line":21,"column":13},"end":{"line":21,"column":null}},"2":{"start":{"line":26,"column":6},"end":{"line":28,"column":null}},"3":{"start":{"line":27,"column":2},"end":{"line":27,"column":null}},"4":{"start":{"line":31,"column":6},"end":{"line":42,"column":null}},"5":{"start":{"line":32,"column":2},"end":{"line":32,"column":null}},"6":{"start":{"line":32,"column":29},"end":{"line":32,"column":null}},"7":{"start":{"line":34,"column":26},"end":{"line":34,"column":null}},"8":{"start":{"line":35,"column":2},"end":{"line":37,"column":null}},"9":{"start":{"line":36,"column":4},"end":{"line":36,"column":null}},"10":{"start":{"line":38,"column":2},"end":{"line":40,"column":null}},"11":{"start":{"line":39,"column":4},"end":{"line":39,"column":null}},"12":{"start":{"line":41,"column":2},"end":{"line":41,"column":null}},"13":{"start":{"line":45,"column":6},"end":{"line":54,"column":null}},"14":{"start":{"line":46,"column":16},"end":{"line":46,"column":null}},"15":{"start":{"line":47,"column":2},"end":{"line":49,"column":null}},"16":{"start":{"line":48,"column":4},"end":{"line":48,"column":null}},"17":{"start":{"line":50,"column":2},"end":{"line":52,"column":null}},"18":{"start":{"line":51,"column":4},"end":{"line":51,"column":null}},"19":{"start":{"line":53,"column":2},"end":{"line":53,"column":null}},"20":{"start":{"line":57,"column":2},"end":{"line":57,"column":null}},"21":{"start":{"line":61,"column":2},"end":{"line":64,"column":null}},"22":{"start":{"line":62,"column":4},"end":{"line":62,"column":null}},"23":{"start":{"line":63,"column":4},"end":{"line":63,"column":null}},"24":{"start":{"line":80,"column":10},"end":{"line":80,"column":null}},"25":{"start":{"line":69,"column":2},"end":{"line":85,"column":null}}},"fnMap":{"0":{"name":"(anonymous_0)","decl":{"start":{"line":26,"column":18},"end":{"line":26,"column":33}},"loc":{"start":{"line":26,"column":33},"end":{"line":28,"column":1}},"line":26},"1":{"name":"(anonymous_1)","decl":{"start":{"line":31,"column":20},"end":{"line":31,"column":35}},"loc":{"start":{"line":31,"column":35},"end":{"line":42,"column":1}},"line":31},"2":{"name":"(anonymous_2)","decl":{"start":{"line":45,"column":20},"end":{"line":45,"column":35}},"loc":{"start":{"line":45,"column":35},"end":{"line":54,"column":1}},"line":45},"3":{"name":"handleClick","decl":{"start":{"line":56,"column":9},"end":{"line":56,"column":23}},"loc":{"start":{"line":56,"column":23},"end":{"line":58,"column":null}},"line":56},"4":{"name":"handleKeydown","decl":{"start":{"line":60,"column":9},"end":{"line":60,"column":23}},"loc":{"start":{"line":60,"column":41},"end":{"line":65,"column":null}},"line":60}},"branchMap":{"0":{"loc":{"start":{"line":32,"column":2},"end":{"line":32,"column":null}},"type":"if","locations":[{"start":{"line":32,"column":2},"end":{"line":32,"column":null}},{"start":{},"end":{}}],"line":32},"1":{"loc":{"start":{"line":35,"column":2},"end":{"line":37,"column":null}},"type":"if","locations":[{"start":{"line":35,"column":2},"end":{"line":37,"column":null}},{"start":{},"end":{}}],"line":35},"2":{"loc":{"start":{"line":38,"column":2},"end":{"line":40,"column":null}},"type":"if","locations":[{"start":{"line":38,"column":2},"end":{"line":40,"column":null}},{"start":{},"end":{}}],"line":38},"3":{"loc":{"start":{"line":47,"column":2},"end":{"line":49,"column":null}},"type":"if","locations":[{"start":{"line":47,"column":2},"end":{"line":49,"column":null}},{"start":{},"end":{}}],"line":47},"4":{"loc":{"start":{"line":50,"column":2},"end":{"line":52,"column":null}},"type":"if","locations":[{"start":{"line":50,"column":2},"end":{"line":52,"column":null}},{"start":{},"end":{}}],"line":50},"5":{"loc":{"start":{"line":61,"column":2},"end":{"line":64,"column":null}},"type":"if","locations":[{"start":{"line":61,"column":2},"end":{"line":64,"column":null}},{"start":{},"end":{}}],"line":61},"6":{"loc":{"start":{"line":61,"column":6},"end":{"line":61,"column":42}},"type":"binary-expr","locations":[{"start":{"line":61,"column":6},"end":{"line":61,"column":27}},{"start":{"line":61,"column":27},"end":{"line":61,"column":42}}],"line":61},"7":{"loc":{"start":{"line":84,"column":16},"end":{"line":85,"column":null}},"type":"cond-expr","locations":[{"start":{"line":84,"column":16},"end":{"line":85,"column":null}},{"start":{"line":85,"column":20},"end":{"line":85,"column":null}}],"line":84}},"s":{"0":5,"1":5,"2":5,"3":5,"4":5,"5":5,"6":0,"7":5,"8":5,"9":5,"10":5,"11":5,"12":5,"13":5,"14":5,"15":5,"16":5,"17":5,"18":5,"19":5,"20":1,"21":0,"22":0,"23":0,"24":2,"25":5},"f":{"0":5,"1":5,"2":5,"3":1,"4":0},"b":{"0":[0,5],"1":[5,0],"2":[5,0],"3":[5,0],"4":[5,0],"5":[0,0],"6":[0,0],"7":[5,0]},"meta":{"lastBranch":0,"lastFunction":0,"lastStatement":0,"seen":{}}}
,"D:\\projects\\la-raid-stats\\src\\components\\molecules\\CharacterCard.vue": {"path":"D:\\projects\\la-raid-stats\\src\\components\\molecules\\CharacterCard.vue","statementMap":{"0":{"start":{"line":13,"column":14},"end":{"line":13,"column":null}},"1":{"start":{"line":21,"column":13},"end":{"line":21,"column":null}},"2":{"start":{"line":33,"column":6},"end":{"line":33,"column":null}},"3":{"start":{"line":34,"column":6},"end":{"line":34,"column":null}},"4":{"start":{"line":36,"column":6},"end":{"line":41,"column":null}},"5":{"start":{"line":37,"column":2},"end":{"line":39,"column":null}},"6":{"start":{"line":38,"column":4},"end":{"line":38,"column":null}},"7":{"start":{"line":40,"column":2},"end":{"line":40,"column":null}},"8":{"start":{"line":44,"column":2},"end":{"line":44,"column":null}},"9":{"start":{"line":49,"column":6},"end":{"line":61,"column":null}},"10":{"start":{"line":50,"column":2},"end":{"line":60,"column":null}},"11":{"start":{"line":51,"column":16},"end":{"line":54,"column":6}},"12":{"start":{"line":55,"column":20},"end":{"line":55,"column":43}},"13":{"start":{"line":57,"column":21},"end":{"line":57,"column":null}},"14":{"start":{"line":57,"column":53},"end":{"line":57,"column":84}},"15":{"start":{"line":58,"column":21},"end":{"line":58,"column":null}},"16":{"start":{"line":58,"column":53},"end":{"line":58,"column":84}},"17":{"start":{"line":59,"column":6},"end":{"line":59,"column":null}},"18":{"start":{"line":63,"column":6},"end":{"line":72,"column":null}},"19":{"start":{"line":64,"column":13},"end":{"line":64,"column":null}},"20":{"start":{"line":66,"column":4},"end":{"line":70,"column":null}},"21":{"start":{"line":67,"column":6},"end":{"line":67,"column":null}},"22":{"start":{"line":68,"column":11},"end":{"line":70,"column":null}},"23":{"start":{"line":69,"column":6},"end":{"line":69,"column":null}},"24":{"start":{"line":87,"column":9},"end":{"line":87,"column":null}},"25":{"start":{"line":88,"column":11},"end":{"line":88,"column":null}},"26":{"start":{"line":89,"column":13},"end":{"line":89,"column":null}},"27":{"start":{"line":90,"column":16},"end":{"line":90,"column":48}},"28":{"start":{"line":91,"column":16},"end":{"line":91,"column":49}},"29":{"start":{"line":101,"column":16},"end":{"line":101,"column":43}},"30":{"start":{"line":123,"column":9},"end":{"line":123,"column":null}},"31":{"start":{"line":76,"column":2},"end":{"line":145,"column":null}},"32":{"start":{"line":83,"column":16},"end":{"line":83,"column":null}},"33":{"start":{"line":84,"column":15},"end":{"line":84,"column":null}},"34":{"start":{"line":85,"column":11},"end":{"line":85,"column":null}},"35":{"start":{"line":95,"column":23},"end":{"line":95,"column":null}},"36":{"start":{"line":106,"column":48},"end":{"line":106,"column":76}},"37":{"start":{"line":108,"column":8},"end":{"line":108,"column":21}},"38":{"start":{"line":109,"column":45},"end":{"line":109,"column":75}},"39":{"start":{"line":111,"column":8},"end":{"line":111,"column":21}},"40":{"start":{"line":117,"column":16},"end":{"line":117,"column":null}},"41":{"start":{"line":120,"column":6},"end":{"line":120,"column":19}},"42":{"start":{"line":125,"column":8},"end":{"line":133,"column":null}},"43":{"start":{"line":132,"column":19},"end":{"line":132,"column":null}},"44":{"start":{"line":133,"column":19},"end":{"line":133,"column":null}}},"fnMap":{"0":{"name":"(anonymous_0)","decl":{"start":{"line":36,"column":21},"end":{"line":36,"column":36}},"loc":{"start":{"line":36,"column":36},"end":{"line":41,"column":1}},"line":36},"1":{"name":"getRaidForCharacterRaid","decl":{"start":{"line":43,"column":9},"end":{"line":43,"column":33}},"loc":{"start":{"line":43,"column":70},"end":{"line":45,"column":null}},"line":43},"2":{"name":"(anonymous_2)","decl":{"start":{"line":49,"column":20},"end":{"line":49,"column":35}},"loc":{"start":{"line":49,"column":35},"end":{"line":61,"column":1}},"line":49},"3":{"name":"(anonymous_3)","decl":{"start":{"line":51,"column":5},"end":{"line":51,"column":9}},"loc":{"start":{"line":51,"column":16},"end":{"line":54,"column":6}},"line":51},"4":{"name":"(anonymous_4)","decl":{"start":{"line":55,"column":5},"end":{"line":55,"column":12}},"loc":{"start":{"line":55,"column":20},"end":{"line":55,"column":43}},"line":55},"5":{"name":"(anonymous_5)","decl":{"start":{"line":56,"column":5},"end":{"line":56,"column":11}},"loc":{"start":{"line":56,"column":20},"end":{"line":60,"column":5}},"line":56},"6":{"name":"(anonymous_6)","decl":{"start":{"line":57,"column":38},"end":{"line":57,"column":48}},"loc":{"start":{"line":57,"column":53},"end":{"line":57,"column":84}},"line":57},"7":{"name":"(anonymous_7)","decl":{"start":{"line":58,"column":38},"end":{"line":58,"column":48}},"loc":{"start":{"line":58,"column":53},"end":{"line":58,"column":84}},"line":58},"8":{"name":"(anonymous_8)","decl":{"start":{"line":64,"column":2},"end":{"line":64,"column":13}},"loc":{"start":{"line":64,"column":13},"end":{"line":64,"column":null}},"line":64},"9":{"name":"(anonymous_9)","decl":{"start":{"line":65,"column":2},"end":{"line":65,"column":8}},"loc":{"start":{"line":65,"column":27},"end":{"line":71,"column":null}},"line":65},"10":{"name":"(anonymous_10)","decl":{"start":{"line":83,"column":14},"end":{"line":83,"column":16}},"loc":{"start":{"line":83,"column":16},"end":{"line":83,"column":null}},"line":83},"11":{"name":"(anonymous_11)","decl":{"start":{"line":84,"column":13},"end":{"line":84,"column":15}},"loc":{"start":{"line":84,"column":15},"end":{"line":84,"column":null}},"line":84},"12":{"name":"(anonymous_12)","decl":{"start":{"line":85,"column":9},"end":{"line":85,"column":11}},"loc":{"start":{"line":85,"column":11},"end":{"line":85,"column":null}},"line":85},"13":{"name":"(anonymous_13)","decl":{"start":{"line":95,"column":23},"end":{"line":95,"column":38}},"loc":{"start":{"line":95,"column":23},"end":{"line":95,"column":null}},"line":95},"14":{"name":"(anonymous_14)","decl":{"start":{"line":106,"column":46},"end":{"line":106,"column":48}},"loc":{"start":{"line":106,"column":48},"end":{"line":106,"column":76}},"line":106},"15":{"name":"(anonymous_15)","decl":{"start":{"line":108,"column":8},"end":{"line":108,"column":21}},"loc":{"start":{"line":108,"column":8},"end":{"line":108,"column":21}},"line":108},"16":{"name":"(anonymous_16)","decl":{"start":{"line":109,"column":43},"end":{"line":109,"column":45}},"loc":{"start":{"line":109,"column":45},"end":{"line":109,"column":75}},"line":109},"17":{"name":"(anonymous_17)","decl":{"start":{"line":111,"column":8},"end":{"line":111,"column":21}},"loc":{"start":{"line":111,"column":8},"end":{"line":111,"column":21}},"line":111},"18":{"name":"(anonymous_18)","decl":{"start":{"line":117,"column":14},"end":{"line":117,"column":16}},"loc":{"start":{"line":117,"column":16},"end":{"line":117,"column":null}},"line":117},"19":{"name":"(anonymous_19)","decl":{"start":{"line":120,"column":6},"end":{"line":120,"column":19}},"loc":{"start":{"line":120,"column":6},"end":{"line":120,"column":19}},"line":120},"20":{"name":"(anonymous_20)","decl":{"start":{"line":126,"column":25},"end":{"line":126,"column":null}},"loc":{"start":{"line":126,"column":21},"end":{"line":133,"column":null}},"line":126},"21":{"name":"(anonymous_21)","decl":{"start":{"line":132,"column":11},"end":{"line":132,"column":17}},"loc":{"start":{"line":132,"column":19},"end":{"line":132,"column":null}},"line":132},"22":{"name":"(anonymous_22)","decl":{"start":{"line":133,"column":11},"end":{"line":133,"column":17}},"loc":{"start":{"line":133,"column":19},"end":{"line":133,"column":null}},"line":133}},"branchMap":{"0":{"loc":{"start":{"line":37,"column":2},"end":{"line":39,"column":null}},"type":"if","locations":[{"start":{"line":37,"column":2},"end":{"line":39,"column":null}},{"start":{},"end":{}}],"line":37},"1":{"loc":{"start":{"line":37,"column":6},"end":{"line":37,"column":86}},"type":"binary-expr","locations":[{"start":{"line":37,"column":6},"end":{"line":37,"column":53}},{"start":{"line":37,"column":53},"end":{"line":37,"column":86}}],"line":37},"2":{"loc":{"start":{"line":64,"column":13},"end":{"line":64,"column":null}},"type":"binary-expr","locations":[{"start":{"line":64,"column":13},"end":{"line":64,"column":48}},{"start":{"line":64,"column":48},"end":{"line":64,"column":null}}],"line":64},"3":{"loc":{"start":{"line":66,"column":4},"end":{"line":70,"column":null}},"type":"if","locations":[{"start":{"line":66,"column":4},"end":{"line":70,"column":null}},{"start":{"line":68,"column":11},"end":{"line":70,"column":null}}],"line":66},"4":{"loc":{"start":{"line":66,"column":8},"end":{"line":66,"column":51}},"type":"binary-expr","locations":[{"start":{"line":66,"column":8},"end":{"line":66,"column":18}},{"start":{"line":66,"column":18},"end":{"line":66,"column":51}}],"line":66},"5":{"loc":{"start":{"line":68,"column":11},"end":{"line":70,"column":null}},"type":"if","locations":[{"start":{"line":68,"column":11},"end":{"line":70,"column":null}},{"start":{},"end":{}}],"line":68},"6":{"loc":{"start":{"line":68,"column":15},"end":{"line":68,"column":120}},"type":"binary-expr","locations":[{"start":{"line":68,"column":15},"end":{"line":68,"column":24}},{"start":{"line":68,"column":24},"end":{"line":68,"column":60}},{"start":{"line":68,"column":60},"end":{"line":68,"column":120}}],"line":68},"7":{"loc":{"start":{"line":83,"column":14},"end":{"line":83,"column":null}},"type":"binary-expr","locations":[{"start":{"line":83,"column":14},"end":{"line":83,"column":16}},{"start":{"line":83,"column":14},"end":{"line":83,"column":null}}],"line":83},"8":{"loc":{"start":{"line":84,"column":13},"end":{"line":84,"column":null}},"type":"binary-expr","locations":[{"start":{"line":84,"column":13},"end":{"line":84,"column":15}},{"start":{"line":84,"column":13},"end":{"line":84,"column":null}}],"line":84},"9":{"loc":{"start":{"line":85,"column":9},"end":{"line":85,"column":null}},"type":"binary-expr","locations":[{"start":{"line":85,"column":9},"end":{"line":85,"column":11}},{"start":{"line":85,"column":9},"end":{"line":85,"column":null}}],"line":85},"10":{"loc":{"start":{"line":93,"column":21},"end":{"line":97,"column":null}},"type":"cond-expr","locations":[{"start":{"line":93,"column":21},"end":{"line":97,"column":null}}],"line":93},"11":{"loc":{"start":{"line":95,"column":23},"end":{"line":95,"column":null}},"type":"binary-expr","locations":[{"start":{"line":95,"column":23},"end":{"line":95,"column":38}},{"start":{"line":95,"column":23},"end":{"line":95,"column":null}}],"line":95},"12":{"loc":{"start":{"line":97,"column":23},"end":{"line":97,"column":null}},"type":"binary-expr","locations":[{"start":{"line":97,"column":23},"end":{"line":97,"column":45}},{"start":{"line":97,"column":45},"end":{"line":97,"column":null}}],"line":97},"13":{"loc":{"start":{"line":105,"column":17},"end":{"line":120,"column":19}},"type":"cond-expr","locations":[{"start":{"line":105,"column":17},"end":{"line":115,"column":25}},{"start":{"line":115,"column":19},"end":{"line":120,"column":19}}],"line":105},"14":{"loc":{"start":{"line":106,"column":46},"end":{"line":106,"column":76}},"type":"binary-expr","locations":[{"start":{"line":106,"column":46},"end":{"line":106,"column":48}},{"start":{"line":106,"column":46},"end":{"line":106,"column":76}}],"line":106},"15":{"loc":{"start":{"line":108,"column":8},"end":{"line":108,"column":21}},"type":"binary-expr","locations":[{"start":{"line":108,"column":8},"end":{"line":108,"column":21}},{"start":{"line":108,"column":8},"end":{"line":108,"column":21}}],"line":108},"16":{"loc":{"start":{"line":109,"column":43},"end":{"line":109,"column":75}},"type":"binary-expr","locations":[{"start":{"line":109,"column":43},"end":{"line":109,"column":45}},{"start":{"line":109,"column":43},"end":{"line":109,"column":75}}],"line":109},"17":{"loc":{"start":{"line":111,"column":8},"end":{"line":111,"column":21}},"type":"binary-expr","locations":[{"start":{"line":111,"column":8},"end":{"line":111,"column":21}},{"start":{"line":111,"column":8},"end":{"line":111,"column":21}}],"line":111},"18":{"loc":{"start":{"line":115,"column":19},"end":{"line":120,"column":19}},"type":"cond-expr","locations":[{"start":{"line":115,"column":34},"end":{"line":120,"column":19}}],"line":115},"19":{"loc":{"start":{"line":117,"column":14},"end":{"line":117,"column":null}},"type":"binary-expr","locations":[{"start":{"line":117,"column":14},"end":{"line":117,"column":16}},{"start":{"line":117,"column":14},"end":{"line":117,"column":null}}],"line":117},"20":{"loc":{"start":{"line":120,"column":6},"end":{"line":120,"column":19}},"type":"binary-expr","locations":[{"start":{"line":120,"column":6},"end":{"line":120,"column":19}},{"start":{"line":120,"column":6},"end":{"line":120,"column":19}}],"line":120},"21":{"loc":{"start":{"line":124,"column":22},"end":{"line":138,"column":37}},"type":"cond-expr","locations":[{"start":{"line":124,"column":40},"end":{"line":137,"column":18}},{"start":{"line":137,"column":6},"end":{"line":138,"column":37}}],"line":124},"22":{"loc":{"start":{"line":139,"column":12},"end":{"line":138,"column":37}},"type":"binary-expr","locations":[{"start":{"line":139,"column":12},"end":{"line":139,"column":null}},{"start":{"line":139,"column":12},"end":{"line":138,"column":37}}],"line":139},"23":{"loc":{"start":{"line":142,"column":15},"end":{"line":145,"column":null}},"type":"cond-expr","locations":[{"start":{"line":142,"column":15},"end":{"line":145,"column":null}}],"line":142}},"s":{"0":5,"1":5,"2":5,"3":5,"4":5,"5":5,"6":0,"7":5,"8":0,"9":5,"10":5,"11":0,"12":0,"13":0,"14":0,"15":0,"16":0,"17":0,"18":5,"19":5,"20":0,"21":0,"22":0,"23":0,"24":1,"25":1,"26":1,"27":1,"28":1,"29":1,"30":1,"31":5,"32":0,"33":0,"34":0,"35":0,"36":0,"37":1,"38":0,"39":1,"40":1,"41":4,"42":0,"43":0,"44":0},"f":{"0":5,"1":0,"2":5,"3":0,"4":0,"5":0,"6":0,"7":0,"8":5,"9":0,"10":0,"11":0,"12":0,"13":0,"14":0,"15":1,"16":0,"17":1,"18":1,"19":4,"20":0,"21":0,"22":0},"b":{"0":[0,5],"1":[5,0],"2":[5,0],"3":[0,0],"4":[0,0],"5":[0,0],"6":[0,0,0],"7":[5,5],"8":[5,5],"9":[5,5],"10":[1],"11":[1,1],"12":[1,0],"13":[1,4],"14":[1,1],"15":[1,1],"16":[1,1],"17":[1,1],"18":[4],"19":[4,4],"20":[4,4],"21":[0,5],"22":[5,5],"23":[5]},"meta":{"lastBranch":0,"lastFunction":0,"lastStatement":0,"seen":{}}}
,"D:\\projects\\la-raid-stats\\src\\components\\molecules\\DifficultyBadge.vue": {"path":"D:\\projects\\la-raid-stats\\src\\components\\molecules\\DifficultyBadge.vue","statementMap":{"0":{"start":{"line":6,"column":14},"end":{"line":6,"column":null}},"1":{"start":{"line":10,"column":6},"end":{"line":10,"column":null}},"2":{"start":{"line":10,"column":15},"end":{"line":10,"column":61}},"3":{"start":{"line":12,"column":6},"end":{"line":40,"column":null}},"4":{"start":{"line":13,"column":2},"end":{"line":39,"column":null}},"5":{"start":{"line":15,"column":6},"end":{"line":18,"column":null}},"6":{"start":{"line":20,"column":6},"end":{"line":23,"column":null}},"7":{"start":{"line":25,"column":6},"end":{"line":28,"column":null}},"8":{"start":{"line":30,"column":6},"end":{"line":33,"column":null}},"9":{"start":{"line":35,"column":6},"end":{"line":38,"column":null}},"10":{"start":{"line":44,"column":2},"end":{"line":48,"column":null}}},"fnMap":{"0":{"name":"(anonymous_0)","decl":{"start":{"line":10,"column":15},"end":{"line":10,"column":30}},"loc":{"start":{"line":10,"column":15},"end":{"line":10,"column":61}},"line":10},"1":{"name":"(anonymous_1)","decl":{"start":{"line":12,"column":19},"end":{"line":12,"column":34}},"loc":{"start":{"line":12,"column":34},"end":{"line":40,"column":1}},"line":12}},"branchMap":{"0":{"loc":{"start":{"line":13,"column":2},"end":{"line":39,"column":null}},"type":"switch","locations":[{"start":{"line":14,"column":4},"end":{"line":18,"column":null}},{"start":{"line":19,"column":4},"end":{"line":23,"column":null}},{"start":{"line":24,"column":4},"end":{"line":28,"column":null}},{"start":{"line":29,"column":4},"end":{"line":33,"column":null}},{"start":{"line":34,"column":4},"end":{"line":38,"column":null}}],"line":13},"1":{"loc":{"start":{"line":48,"column":7},"end":{"line":48,"column":28}},"type":"binary-expr","locations":[{"start":{"line":48,"column":7},"end":{"line":48,"column":24}},{"start":{"line":48,"column":24},"end":{"line":48,"column":28}}],"line":48}},"s":{"0":43,"1":43,"2":43,"3":43,"4":43,"5":2,"6":23,"7":9,"8":9,"9":0,"10":43},"f":{"0":43,"1":43},"b":{"0":[2,23,9,9,0],"1":[43,0]},"meta":{"lastBranch":0,"lastFunction":0,"lastStatement":0,"seen":{}}}
,"D:\\projects\\la-raid-stats\\src\\components\\molecules\\GoldProgress.vue": {"path":"D:\\projects\\la-raid-stats\\src\\components\\molecules\\GoldProgress.vue","statementMap":{"0":{"start":{"line":6,"column":6},"end":{"line":6,"column":null}},"1":{"start":{"line":7,"column":6},"end":{"line":7,"column":null}},"2":{"start":{"line":9,"column":6},"end":{"line":34,"column":null}},"3":{"start":{"line":10,"column":25},"end":{"line":10,"column":null}},"4":{"start":{"line":10,"column":64},"end":{"line":10,"column":81}},"5":{"start":{"line":11,"column":17},"end":{"line":11,"column":null}},"6":{"start":{"line":12,"column":20},"end":{"line":12,"column":null}},"7":{"start":{"line":14,"column":2},"end":{"line":31,"column":null}},"8":{"start":{"line":15,"column":18},"end":{"line":15,"column":null}},"9":{"start":{"line":16,"column":24},"end":{"line":16,"column":null}},"10":{"start":{"line":19,"column":4},"end":{"line":19,"column":null}},"11":{"start":{"line":22,"column":4},"end":{"line":30,"column":null}},"12":{"start":{"line":23,"column":23},"end":{"line":23,"column":null}},"13":{"start":{"line":24,"column":6},"end":{"line":29,"column":null}},"14":{"start":{"line":25,"column":27},"end":{"line":25,"column":null}},"15":{"start":{"line":25,"column":59},"end":{"line":25,"column":87}},"16":{"start":{"line":26,"column":8},"end":{"line":28,"column":null}},"17":{"start":{"line":27,"column":10},"end":{"line":27,"column":null}},"18":{"start":{"line":33,"column":2},"end":{"line":33,"column":null}},"19":{"start":{"line":36,"column":6},"end":{"line":39,"column":null}},"20":{"start":{"line":37,"column":2},"end":{"line":37,"column":null}},"21":{"start":{"line":37,"column":41},"end":{"line":37,"column":null}},"22":{"start":{"line":38,"column":2},"end":{"line":38,"column":null}},"23":{"start":{"line":44,"column":9},"end":{"line":44,"column":null}},"24":{"start":{"line":46,"column":12},"end":{"line":46,"column":null}},"25":{"start":{"line":50,"column":9},"end":{"line":50,"column":null}},"26":{"start":{"line":43,"column":13},"end":{"line":53,"column":null}}},"fnMap":{"0":{"name":"(anonymous_0)","decl":{"start":{"line":9,"column":18},"end":{"line":9,"column":33}},"loc":{"start":{"line":9,"column":33},"end":{"line":34,"column":1}},"line":9},"1":{"name":"(anonymous_1)","decl":{"start":{"line":10,"column":52},"end":{"line":10,"column":59}},"loc":{"start":{"line":10,"column":64},"end":{"line":10,"column":81}},"line":10},"2":{"name":"(anonymous_2)","decl":{"start":{"line":25,"column":49},"end":{"line":25,"column":54}},"loc":{"start":{"line":25,"column":59},"end":{"line":25,"column":87}},"line":25},"3":{"name":"(anonymous_3)","decl":{"start":{"line":36,"column":24},"end":{"line":36,"column":39}},"loc":{"start":{"line":36,"column":39},"end":{"line":39,"column":1}},"line":36}},"branchMap":{"0":{"loc":{"start":{"line":24,"column":6},"end":{"line":29,"column":null}},"type":"if","locations":[{"start":{"line":24,"column":6},"end":{"line":29,"column":null}},{"start":{},"end":{}}],"line":24},"1":{"loc":{"start":{"line":26,"column":8},"end":{"line":28,"column":null}},"type":"if","locations":[{"start":{"line":26,"column":8},"end":{"line":28,"column":null}},{"start":{},"end":{}}],"line":26},"2":{"loc":{"start":{"line":37,"column":2},"end":{"line":37,"column":null}},"type":"if","locations":[{"start":{"line":37,"column":2},"end":{"line":37,"column":null}},{"start":{},"end":{}}],"line":37},"3":{"loc":{"start":{"line":43,"column":13},"end":{"line":53,"column":null}},"type":"cond-expr","locations":[{"start":{"line":43,"column":34},"end":{"line":53,"column":null}}],"line":43},"4":{"loc":{"start":{"line":49,"column":10},"end":{"line":45,"column":63}},"type":"binary-expr","locations":[{"start":{"line":49,"column":10},"end":{"line":49,"column":null}},{"start":{"line":49,"column":10},"end":{"line":45,"column":63}}],"line":49}},"s":{"0":1,"1":1,"2":1,"3":1,"4":0,"5":1,"6":1,"7":1,"8":0,"9":0,"10":0,"11":0,"12":0,"13":0,"14":0,"15":0,"16":0,"17":0,"18":1,"19":1,"20":0,"21":0,"22":0,"23":1,"24":1,"25":1,"26":1},"f":{"0":1,"1":0,"2":0,"3":0},"b":{"0":[0,0],"1":[0,0],"2":[0,0],"3":[0],"4":[0,0]},"meta":{"lastBranch":5,"lastFunction":4,"lastStatement":27,"seen":{"s:6:6:6:Infinity":0,"s:7:6:7:Infinity":1,"s:9:6:34:Infinity":2,"f:9:18:9:33":0,"s:10:25:10:Infinity":3,"f:10:52:10:59":1,"s:10:64:10:81":4,"s:11:17:11:Infinity":5,"s:12:20:12:Infinity":6,"s:14:2:31:Infinity":7,"s:15:18:15:Infinity":8,"s:16:24:16:Infinity":9,"s:19:4:19:Infinity":10,"s:22:4:30:Infinity":11,"s:23:23:23:Infinity":12,"b:24:6:29:Infinity:undefined:undefined:undefined:undefined":0,"s:24:6:29:Infinity":13,"s:25:27:25:Infinity":14,"f:25:49:25:54":2,"s:25:59:25:87":15,"b:26:8:28:Infinity:undefined:undefined:undefined:undefined":1,"s:26:8:28:Infinity":16,"s:27:10:27:Infinity":17,"s:33:2:33:Infinity":18,"s:36:6:39:Infinity":19,"f:36:24:36:39":3,"b:37:2:37:Infinity:undefined:undefined:undefined:undefined":2,"s:37:2:37:Infinity":20,"s:37:41:37:Infinity":21,"s:38:2:38:Infinity":22,"s:44:9:44:Infinity":23,"s:46:12:46:Infinity":24,"s:50:9:50:Infinity":25,"s:43:13:53:Infinity":26,"b:43:34:53:Infinity":3,"b:49:10:49:Infinity:49:10:45:63":4}}}
,"D:\\projects\\la-raid-stats\\src\\components\\molecules\\GoldSummary.vue": {"path":"D:\\projects\\la-raid-stats\\src\\components\\molecules\\GoldSummary.vue","statementMap":{"0":{"start":{"line":4,"column":14},"end":{"line":4,"column":null}},"1":{"start":{"line":11,"column":2},"end":{"line":11,"column":null}},"2":{"start":{"line":14,"column":6},"end":{"line":14,"column":null}},"3":{"start":{"line":14,"column":40},"end":{"line":14,"column":67}},"4":{"start":{"line":15,"column":6},"end":{"line":15,"column":null}},"5":{"start":{"line":15,"column":40},"end":{"line":15,"column":67}},"6":{"start":{"line":16,"column":6},"end":{"line":16,"column":null}},"7":{"start":{"line":16,"column":38},"end":{"line":16,"column":81}},"8":{"start":{"line":20,"column":7},"end":{"line":20,"column":null}},"9":{"start":{"line":21,"column":9},"end":{"line":21,"column":null}},"10":{"start":{"line":23,"column":12},"end":{"line":23,"column":69}},"11":{"start":{"line":27,"column":9},"end":{"line":27,"column":null}},"12":{"start":{"line":29,"column":12},"end":{"line":29,"column":69}},"13":{"start":{"line":33,"column":9},"end":{"line":33,"column":null}},"14":{"start":{"line":35,"column":12},"end":{"line":35,"column":67}},"15":{"start":{"line":20,"column":2},"end":{"line":36,"column":null}}},"fnMap":{"0":{"name":"formatNumber","decl":{"start":{"line":10,"column":9},"end":{"line":10,"column":22}},"loc":{"start":{"line":10,"column":43},"end":{"line":12,"column":null}},"line":10},"1":{"name":"(anonymous_1)","decl":{"start":{"line":14,"column":25},"end":{"line":14,"column":40}},"loc":{"start":{"line":14,"column":40},"end":{"line":14,"column":67}},"line":14},"2":{"name":"(anonymous_2)","decl":{"start":{"line":15,"column":25},"end":{"line":15,"column":40}},"loc":{"start":{"line":15,"column":40},"end":{"line":15,"column":67}},"line":15},"3":{"name":"(anonymous_3)","decl":{"start":{"line":16,"column":23},"end":{"line":16,"column":38}},"loc":{"start":{"line":16,"column":38},"end":{"line":16,"column":81}},"line":16}},"branchMap":{"0":{"loc":{"start":{"line":26,"column":10},"end":{"line":22,"column":55}},"type":"binary-expr","locations":[{"start":{"line":26,"column":10},"end":{"line":26,"column":null}},{"start":{"line":26,"column":10},"end":{"line":22,"column":55}}],"line":26},"1":{"loc":{"start":{"line":32,"column":10},"end":{"line":28,"column":62}},"type":"binary-expr","locations":[{"start":{"line":32,"column":10},"end":{"line":32,"column":null}},{"start":{"line":32,"column":10},"end":{"line":28,"column":62}}],"line":32},"2":{"loc":{"start":{"line":38,"column":10},"end":{"line":34,"column":53}},"type":"binary-expr","locations":[{"start":{"line":38,"column":10},"end":{"line":38,"column":null}},{"start":{"line":38,"column":10},"end":{"line":34,"column":53}}],"line":38}},"s":{"0":13,"1":39,"2":13,"3":13,"4":13,"5":13,"6":13,"7":13,"8":2,"9":2,"10":2,"11":2,"12":2,"13":2,"14":2,"15":13},"f":{"0":39,"1":13,"2":13,"3":13},"b":{"0":[13,13],"1":[13,13],"2":[13,13]},"meta":{"lastBranch":3,"lastFunction":4,"lastStatement":16,"seen":{"s:4:14:4:Infinity":0,"f:10:9:10:22":0,"s:11:2:11:Infinity":1,"s:14:6:14:Infinity":2,"f:14:25:14:40":1,"s:14:40:14:67":3,"s:15:6:15:Infinity":4,"f:15:25:15:40":2,"s:15:40:15:67":5,"s:16:6:16:Infinity":6,"f:16:23:16:38":3,"s:16:38:16:81":7,"s:20:7:20:Infinity":8,"s:21:9:21:Infinity":9,"s:23:12:23:69":10,"s:27:9:27:Infinity":11,"s:29:12:29:69":12,"s:33:9:33:Infinity":13,"s:35:12:35:67":14,"s:20:2:36:Infinity":15,"b:26:10:26:Infinity:26:10:22:55":0,"b:32:10:32:Infinity:32:10:28:62":1,"b:38:10:38:Infinity:38:10:34:53":2}}}
,"D:\\projects\\la-raid-stats\\src\\components\\molecules\\RaidItem.vue": {"path":"D:\\projects\\la-raid-stats\\src\\components\\molecules\\RaidItem.vue","statementMap":{"0":{"start":{"line":7,"column":14},"end":{"line":7,"column":null}},"1":{"start":{"line":16,"column":13},"end":{"line":16,"column":null}},"2":{"start":{"line":21,"column":6},"end":{"line":23,"column":null}},"3":{"start":{"line":22,"column":2},"end":{"line":22,"column":null}},"4":{"start":{"line":22,"column":43},"end":{"line":22,"column":74}},"5":{"start":{"line":37,"column":9},"end":{"line":37,"column":null}},"6":{"start":{"line":38,"column":12},"end":{"line":38,"column":39}},"7":{"start":{"line":27,"column":2},"end":{"line":59,"column":13}},"8":{"start":{"line":34,"column":27},"end":{"line":34,"column":null}},"9":{"start":{"line":56,"column":14},"end":{"line":56,"column":null}}},"fnMap":{"0":{"name":"(anonymous_0)","decl":{"start":{"line":21,"column":19},"end":{"line":21,"column":34}},"loc":{"start":{"line":21,"column":34},"end":{"line":23,"column":1}},"line":21},"1":{"name":"(anonymous_1)","decl":{"start":{"line":22,"column":33},"end":{"line":22,"column":38}},"loc":{"start":{"line":22,"column":43},"end":{"line":22,"column":74}},"line":22},"2":{"name":"(anonymous_2)","decl":{"start":{"line":34,"column":25},"end":{"line":34,"column":27}},"loc":{"start":{"line":34,"column":27},"end":{"line":34,"column":null}},"line":34},"3":{"name":"(anonymous_3)","decl":{"start":{"line":56,"column":12},"end":{"line":56,"column":14}},"loc":{"start":{"line":56,"column":14},"end":{"line":56,"column":null}},"line":56}},"branchMap":{"0":{"loc":{"start":{"line":34,"column":25},"end":{"line":34,"column":null}},"type":"binary-expr","locations":[{"start":{"line":34,"column":25},"end":{"line":34,"column":27}},{"start":{"line":34,"column":25},"end":{"line":34,"column":null}}],"line":34},"1":{"loc":{"start":{"line":42,"column":15},"end":{"line":47,"column":null}},"type":"cond-expr","locations":[{"start":{"line":42,"column":15},"end":{"line":47,"column":null}},{"start":{"line":47,"column":35},"end":{"line":47,"column":null}}],"line":42},"2":{"loc":{"start":{"line":43,"column":18},"end":{"line":44,"column":null}},"type":"cond-expr","locations":[{"start":{"line":43,"column":40},"end":{"line":44,"column":null}},{"start":{"line":44,"column":36},"end":{"line":44,"column":null}}],"line":43},"3":{"loc":{"start":{"line":46,"column":18},"end":{"line":47,"column":null}},"type":"cond-expr","locations":[{"start":{"line":46,"column":40},"end":{"line":47,"column":null}},{"start":{"line":47,"column":35},"end":{"line":47,"column":null}}],"line":46},"4":{"loc":{"start":{"line":52,"column":12},"end":{"line":59,"column":13}},"type":"cond-expr","locations":[{"start":{"line":52,"column":12},"end":{"line":59,"column":13}},{"start":{"line":59,"column":4},"end":{"line":59,"column":13}}],"line":52},"5":{"loc":{"start":{"line":56,"column":12},"end":{"line":56,"column":null}},"type":"binary-expr","locations":[{"start":{"line":56,"column":12},"end":{"line":56,"column":14}},{"start":{"line":56,"column":12},"end":{"line":56,"column":null}}],"line":56}},"s":{"0":10,"1":10,"2":10,"3":10,"4":10,"5":2,"6":2,"7":10,"8":1,"9":1},"f":{"0":10,"1":10,"2":1,"3":1},"b":{"0":[10,10],"1":[10,0],"2":[9,1],"3":[9,1],"4":[2,8],"5":[2,2]},"meta":{"lastBranch":0,"lastFunction":0,"lastStatement":0,"seen":{}}}
,"D:\\projects\\la-raid-stats\\src\\components\\organisms\\RaidAssignmentModal.vue": {"path":"D:\\projects\\la-raid-stats\\src\\components\\organisms\\RaidAssignmentModal.vue","statementMap":{"0":{"start":{"line":22,"column":14},"end":{"line":22,"column":null}},"1":{"start":{"line":26,"column":13},"end":{"line":26,"column":null}},"2":{"start":{"line":30,"column":6},"end":{"line":30,"column":null}},"3":{"start":{"line":31,"column":6},"end":{"line":31,"column":null}},"4":{"start":{"line":34,"column":8},"end":{"line":34,"column":null}},"5":{"start":{"line":34,"column":52},"end":{"line":34,"column":65}},"6":{"start":{"line":37,"column":0},"end":{"line":39,"column":null}},"7":{"start":{"line":38,"column":2},"end":{"line":38,"column":null}},"8":{"start":{"line":41,"column":0},"end":{"line":43,"column":null}},"9":{"start":{"line":42,"column":2},"end":{"line":42,"column":null}},"10":{"start":{"line":51,"column":2},"end":{"line":52,"column":null}},"11":{"start":{"line":55,"column":6},"end":{"line":61,"column":null}},"12":{"start":{"line":56,"column":2},"end":{"line":56,"column":null}},"13":{"start":{"line":56,"column":24},"end":{"line":56,"column":null}},"14":{"start":{"line":57,"column":2},"end":{"line":60,"column":null}},"15":{"start":{"line":59,"column":17},"end":{"line":59,"column":26}},"16":{"start":{"line":64,"column":6},"end":{"line":71,"column":null}},"17":{"start":{"line":65,"column":2},"end":{"line":65,"column":null}},"18":{"start":{"line":65,"column":24},"end":{"line":65,"column":null}},"19":{"start":{"line":67,"column":2},"end":{"line":70,"column":null}},"20":{"start":{"line":68,"column":4},"end":{"line":68,"column":null}},"21":{"start":{"line":68,"column":44},"end":{"line":68,"column":null}},"22":{"start":{"line":69,"column":4},"end":{"line":69,"column":null}},"23":{"start":{"line":69,"column":39},"end":{"line":69,"column":88}},"24":{"start":{"line":75,"column":51},"end":{"line":80,"column":null}},"25":{"start":{"line":81,"column":2},"end":{"line":81,"column":null}},"26":{"start":{"line":86,"column":2},"end":{"line":86,"column":null}},"27":{"start":{"line":86,"column":24},"end":{"line":86,"column":null}},"28":{"start":{"line":87,"column":2},"end":{"line":98,"column":null}},"29":{"start":{"line":88,"column":17},"end":{"line":88,"column":66}},"30":{"start":{"line":90,"column":20},"end":{"line":90,"column":null}},"31":{"start":{"line":91,"column":20},"end":{"line":91,"column":null}},"32":{"start":{"line":93,"column":6},"end":{"line":95,"column":null}},"33":{"start":{"line":94,"column":8},"end":{"line":94,"column":null}},"34":{"start":{"line":97,"column":6},"end":{"line":97,"column":null}},"35":{"start":{"line":103,"column":2},"end":{"line":103,"column":null}},"36":{"start":{"line":103,"column":39},"end":{"line":103,"column":58}},"37":{"start":{"line":108,"column":2},"end":{"line":108,"column":null}},"38":{"start":{"line":108,"column":24},"end":{"line":108,"column":null}},"39":{"start":{"line":110,"column":2},"end":{"line":116,"column":null}},"40":{"start":{"line":111,"column":4},"end":{"line":115,"column":null}},"41":{"start":{"line":118,"column":2},"end":{"line":118,"column":null}},"42":{"start":{"line":123,"column":2},"end":{"line":123,"column":null}},"43":{"start":{"line":124,"column":2},"end":{"line":124,"column":null}},"44":{"start":{"line":132,"column":13},"end":{"line":132,"column":null}},"45":{"start":{"line":133,"column":18},"end":{"line":133,"column":null}},"46":{"start":{"line":134,"column":16},"end":{"line":134,"column":47}},"47":{"start":{"line":137,"column":18},"end":{"line":137,"column":46}},"48":{"start":{"line":143,"column":17},"end":{"line":143,"column":null}},"49":{"start":{"line":150,"column":21},"end":{"line":150,"column":null}},"50":{"start":{"line":151,"column":24},"end":{"line":151,"column":62}},"51":{"start":{"line":160,"column":21},"end":{"line":160,"column":null}},"52":{"start":{"line":181,"column":18},"end":{"line":181,"column":null}},"53":{"start":{"line":129,"column":2},"end":{"line":197,"column":25}},"54":{"start":{"line":130,"column":56},"end":{"line":130,"column":null}},"55":{"start":{"line":144,"column":14},"end":{"line":166,"column":null}},"56":{"start":{"line":161,"column":18},"end":{"line":166,"column":null}},"57":{"start":{"line":166,"column":29},"end":{"line":166,"column":null}},"58":{"start":{"line":190,"column":12},"end":{"line":190,"column":25}},"59":{"start":{"line":196,"column":24},"end":{"line":197,"column":25}}},"fnMap":{"0":{"name":"(anonymous_0)","decl":{"start":{"line":34,"column":27},"end":{"line":34,"column":52}},"loc":{"start":{"line":34,"column":52},"end":{"line":34,"column":65}},"line":34},"1":{"name":"(anonymous_1)","decl":{"start":{"line":37,"column":0},"end":{"line":37,"column":16}},"loc":{"start":{"line":37,"column":16},"end":{"line":39,"column":1}},"line":37},"2":{"name":"(anonymous_2)","decl":{"start":{"line":41,"column":0},"end":{"line":41,"column":18}},"loc":{"start":{"line":41,"column":18},"end":{"line":43,"column":1}},"line":41},"3":{"name":"(anonymous_3)","decl":{"start":{"line":55,"column":24},"end":{"line":55,"column":39}},"loc":{"start":{"line":55,"column":39},"end":{"line":61,"column":1}},"line":55},"4":{"name":"(anonymous_4)","decl":{"start":{"line":59,"column":7},"end":{"line":59,"column":11}},"loc":{"start":{"line":59,"column":17},"end":{"line":59,"column":26}},"line":59},"5":{"name":"(anonymous_5)","decl":{"start":{"line":64,"column":23},"end":{"line":64,"column":38}},"loc":{"start":{"line":64,"column":38},"end":{"line":71,"column":1}},"line":64},"6":{"name":"(anonymous_6)","decl":{"start":{"line":67,"column":41},"end":{"line":67,"column":48}},"loc":{"start":{"line":67,"column":56},"end":{"line":70,"column":3}},"line":67},"7":{"name":"(anonymous_7)","decl":{"start":{"line":69,"column":29},"end":{"line":69,"column":34}},"loc":{"start":{"line":69,"column":39},"end":{"line":69,"column":88}},"line":69},"8":{"name":"getDifficultyOrder","decl":{"start":{"line":74,"column":9},"end":{"line":74,"column":28}},"loc":{"start":{"line":74,"column":58},"end":{"line":82,"column":null}},"line":74},"9":{"name":"getAvailableDifficulties","decl":{"start":{"line":85,"column":9},"end":{"line":85,"column":34}},"loc":{"start":{"line":85,"column":46},"end":{"line":99,"column":null}},"line":85},"10":{"name":"(anonymous_10)","decl":{"start":{"line":88,"column":5},"end":{"line":88,"column":12}},"loc":{"start":{"line":88,"column":17},"end":{"line":88,"column":66}},"line":88},"11":{"name":"(anonymous_11)","decl":{"start":{"line":89,"column":5},"end":{"line":89,"column":11}},"loc":{"start":{"line":89,"column":20},"end":{"line":98,"column":5}},"line":89},"12":{"name":"hasSelection","decl":{"start":{"line":102,"column":9},"end":{"line":102,"column":22}},"loc":{"start":{"line":102,"column":47},"end":{"line":104,"column":null}},"line":102},"13":{"name":"(anonymous_13)","decl":{"start":{"line":103,"column":29},"end":{"line":103,"column":34}},"loc":{"start":{"line":103,"column":39},"end":{"line":103,"column":58}},"line":103},"14":{"name":"confirmSelection","decl":{"start":{"line":107,"column":9},"end":{"line":107,"column":28}},"loc":{"start":{"line":107,"column":28},"end":{"line":119,"column":null}},"line":107},"15":{"name":"handleClose","decl":{"start":{"line":122,"column":9},"end":{"line":122,"column":23}},"loc":{"start":{"line":122,"column":23},"end":{"line":125,"column":null}},"line":122},"16":{"name":"(anonymous_16)","decl":{"start":{"line":130,"column":54},"end":{"line":130,"column":56}},"loc":{"start":{"line":130,"column":56},"end":{"line":130,"column":null}},"line":130},"17":{"name":"(anonymous_17)","decl":{"start":{"line":131,"column":39},"end":{"line":131,"column":44}},"loc":{"start":{"line":131,"column":33},"end":{"line":131,"column":34}},"line":131},"18":{"name":"(anonymous_18)","decl":{"start":{"line":145,"column":31},"end":{"line":145,"column":null}},"loc":{"start":{"line":145,"column":27},"end":{"line":166,"column":null}},"line":145},"19":{"name":"(anonymous_19)","decl":{"start":{"line":162,"column":64},"end":{"line":162,"column":null}},"loc":{"start":{"line":162,"column":31},"end":{"line":166,"column":null}},"line":162},"20":{"name":"(anonymous_20)","decl":{"start":{"line":166,"column":21},"end":{"line":166,"column":27}},"loc":{"start":{"line":166,"column":29},"end":{"line":166,"column":null}},"line":166},"21":{"name":"(anonymous_21)","decl":{"start":{"line":190,"column":12},"end":{"line":190,"column":25}},"loc":{"start":{"line":190,"column":12},"end":{"line":190,"column":25}},"line":190},"22":{"name":"(anonymous_22)","decl":{"start":{"line":196,"column":24},"end":{"line":196,"column":27}},"loc":{"start":{"line":196,"column":24},"end":{"line":197,"column":25}},"line":196}},"branchMap":{"0":{"loc":{"start":{"line":56,"column":2},"end":{"line":56,"column":null}},"type":"if","locations":[{"start":{"line":56,"column":2},"end":{"line":56,"column":null}},{"start":{},"end":{}}],"line":56},"1":{"loc":{"start":{"line":65,"column":2},"end":{"line":65,"column":null}},"type":"if","locations":[{"start":{"line":65,"column":2},"end":{"line":65,"column":null}},{"start":{},"end":{}}],"line":65},"2":{"loc":{"start":{"line":68,"column":4},"end":{"line":68,"column":null}},"type":"if","locations":[{"start":{"line":68,"column":4},"end":{"line":68,"column":null}},{"start":{},"end":{}}],"line":68},"3":{"loc":{"start":{"line":81,"column":9},"end":{"line":81,"column":null}},"type":"binary-expr","locations":[{"start":{"line":81,"column":9},"end":{"line":81,"column":27}},{"start":{"line":81,"column":27},"end":{"line":81,"column":null}}],"line":81},"4":{"loc":{"start":{"line":86,"column":2},"end":{"line":86,"column":null}},"type":"if","locations":[{"start":{"line":86,"column":2},"end":{"line":86,"column":null}},{"start":{},"end":{}}],"line":86},"5":{"loc":{"start":{"line":93,"column":6},"end":{"line":95,"column":null}},"type":"if","locations":[{"start":{"line":93,"column":6},"end":{"line":95,"column":null}},{"start":{},"end":{}}],"line":93},"6":{"loc":{"start":{"line":108,"column":2},"end":{"line":108,"column":null}},"type":"if","locations":[{"start":{"line":108,"column":2},"end":{"line":108,"column":null}},{"start":{},"end":{}}],"line":108},"7":{"loc":{"start":{"line":130,"column":15},"end":{"line":197,"column":25}},"type":"cond-expr","locations":[{"start":{"line":130,"column":15},"end":{"line":197,"column":25}}],"line":130},"8":{"loc":{"start":{"line":130,"column":54},"end":{"line":130,"column":null}},"type":"binary-expr","locations":[{"start":{"line":130,"column":54},"end":{"line":130,"column":56}},{"start":{"line":130,"column":54},"end":{"line":130,"column":null}}],"line":130},"9":{"loc":{"start":{"line":130,"column":56},"end":{"line":130,"column":null}},"type":"binary-expr","locations":[{"start":{"line":130,"column":56},"end":{"line":130,"column":null}},{"start":{"line":130,"column":56},"end":{"line":130,"column":null}}],"line":130},"10":{"loc":{"start":{"line":131,"column":39},"end":{"line":131,"column":null}},"type":"binary-expr","locations":[{"start":{"line":131,"column":39},"end":{"line":131,"column":44}},{"start":{"line":131,"column":39},"end":{"line":131,"column":null}}],"line":131},"11":{"loc":{"start":{"line":142,"column":21},"end":{"line":178,"column":16}},"type":"cond-expr","locations":[{"start":{"line":142,"column":42},"end":{"line":173,"column":22}},{"start":{"line":173,"column":10},"end":{"line":178,"column":16}}],"line":142},"12":{"loc":{"start":{"line":153,"column":26},"end":{"line":157,"column":25}},"type":"cond-expr","locations":[{"start":{"line":153,"column":46},"end":{"line":157,"column":25}},{"start":{"line":157,"column":18},"end":{"line":157,"column":25}}],"line":153},"13":{"loc":{"start":{"line":179,"column":16},"end":{"line":178,"column":16}},"type":"binary-expr","locations":[{"start":{"line":179,"column":16},"end":{"line":179,"column":null}},{"start":{"line":179,"column":16},"end":{"line":178,"column":16}}],"line":179},"14":{"loc":{"start":{"line":182,"column":24},"end":{"line":183,"column":null}},"type":"cond-expr","locations":[{"start":{"line":182,"column":37},"end":{"line":183,"column":null}},{"start":{"line":183,"column":39},"end":{"line":183,"column":null}}],"line":182},"15":{"loc":{"start":{"line":190,"column":12},"end":{"line":190,"column":25}},"type":"binary-expr","locations":[{"start":{"line":190,"column":12},"end":{"line":190,"column":25}},{"start":{"line":190,"column":12},"end":{"line":190,"column":25}}],"line":190}},"s":{"0":1,"1":1,"2":1,"3":1,"4":1,"5":0,"6":1,"7":1,"8":1,"9":0,"10":1,"11":1,"12":1,"13":0,"14":1,"15":0,"16":1,"17":1,"18":0,"19":1,"20":1,"21":0,"22":1,"23":1,"24":0,"25":0,"26":1,"27":0,"28":1,"29":1,"30":0,"31":0,"32":0,"33":0,"34":0,"35":2,"36":0,"37":0,"38":0,"39":0,"40":0,"41":0,"42":0,"43":0,"44":1,"45":1,"46":1,"47":1,"48":1,"49":1,"50":1,"51":1,"52":1,"53":1,"54":0,"55":1,"56":1,"57":0,"58":1,"59":1},"f":{"0":0,"1":1,"2":0,"3":1,"4":0,"5":1,"6":1,"7":1,"8":0,"9":1,"10":1,"11":0,"12":2,"13":0,"14":0,"15":0,"16":0,"17":0,"18":1,"19":1,"20":0,"21":1,"22":1},"b":{"0":[0,1],"1":[0,1],"2":[0,1],"3":[0,0],"4":[0,1],"5":[0,0],"6":[0,0],"7":[1],"8":[1,1],"9":[0,0],"10":[1,1],"11":[1,0],"12":[0,1],"13":[0,0],"14":[0,1],"15":[1,1]},"meta":{"lastBranch":0,"lastFunction":0,"lastStatement":0,"seen":{}}}
,"D:\\projects\\la-raid-stats\\src\\components\\organisms\\RaidCard.vue": {"path":"D:\\projects\\la-raid-stats\\src\\components\\organisms\\RaidCard.vue","statementMap":{"0":{"start":{"line":10,"column":13},"end":{"line":10,"column":null}},"1":{"start":{"line":17,"column":7},"end":{"line":17,"column":null}},"2":{"start":{"line":18,"column":9},"end":{"line":18,"column":null}},"3":{"start":{"line":19,"column":10},"end":{"line":19,"column":37}},"4":{"start":{"line":20,"column":11},"end":{"line":20,"column":null}},"5":{"start":{"line":30,"column":9},"end":{"line":30,"column":null}},"6":{"start":{"line":38,"column":9},"end":{"line":38,"column":null}},"7":{"start":{"line":40,"column":14},"end":{"line":40,"column":49}},"8":{"start":{"line":41,"column":14},"end":{"line":41,"column":43}},"9":{"start":{"line":42,"column":14},"end":{"line":42,"column":45}},"10":{"start":{"line":17,"column":2},"end":{"line":42,"column":102}},"11":{"start":{"line":21,"column":48},"end":{"line":21,"column":71}},"12":{"start":{"line":23,"column":8},"end":{"line":23,"column":21}},"13":{"start":{"line":24,"column":45},"end":{"line":24,"column":70}},"14":{"start":{"line":26,"column":8},"end":{"line":26,"column":21}},"15":{"start":{"line":31,"column":6},"end":{"line":34,"column":null}},"16":{"start":{"line":39,"column":6},"end":{"line":42,"column":102}}},"fnMap":{"0":{"name":"(anonymous_0)","decl":{"start":{"line":21,"column":46},"end":{"line":21,"column":48}},"loc":{"start":{"line":21,"column":48},"end":{"line":21,"column":71}},"line":21},"1":{"name":"(anonymous_1)","decl":{"start":{"line":23,"column":8},"end":{"line":23,"column":21}},"loc":{"start":{"line":23,"column":8},"end":{"line":23,"column":21}},"line":23},"2":{"name":"(anonymous_2)","decl":{"start":{"line":24,"column":43},"end":{"line":24,"column":45}},"loc":{"start":{"line":24,"column":45},"end":{"line":24,"column":70}},"line":24},"3":{"name":"(anonymous_3)","decl":{"start":{"line":26,"column":8},"end":{"line":26,"column":21}},"loc":{"start":{"line":26,"column":8},"end":{"line":26,"column":21}},"line":26},"4":{"name":"(anonymous_4)","decl":{"start":{"line":32,"column":28},"end":{"line":32,"column":null}},"loc":{"start":{"line":32,"column":19},"end":{"line":34,"column":null}},"line":32},"5":{"name":"(anonymous_5)","decl":{"start":{"line":39,"column":31},"end":{"line":39,"column":46}},"loc":{"start":{"line":39,"column":22},"end":{"line":42,"column":102}},"line":39}},"branchMap":{"0":{"loc":{"start":{"line":21,"column":46},"end":{"line":21,"column":71}},"type":"binary-expr","locations":[{"start":{"line":21,"column":46},"end":{"line":21,"column":48}},{"start":{"line":21,"column":46},"end":{"line":21,"column":71}}],"line":21},"1":{"loc":{"start":{"line":23,"column":8},"end":{"line":23,"column":21}},"type":"binary-expr","locations":[{"start":{"line":23,"column":8},"end":{"line":23,"column":21}},{"start":{"line":23,"column":8},"end":{"line":23,"column":21}}],"line":23},"2":{"loc":{"start":{"line":24,"column":43},"end":{"line":24,"column":70}},"type":"binary-expr","locations":[{"start":{"line":24,"column":43},"end":{"line":24,"column":45}},{"start":{"line":24,"column":43},"end":{"line":24,"column":70}}],"line":24},"3":{"loc":{"start":{"line":26,"column":8},"end":{"line":26,"column":21}},"type":"binary-expr","locations":[{"start":{"line":26,"column":8},"end":{"line":26,"column":21}},{"start":{"line":26,"column":8},"end":{"line":26,"column":21}}],"line":26}},"s":{"0":8,"1":1,"2":1,"3":1,"4":1,"5":1,"6":1,"7":1,"8":1,"9":1,"10":8,"11":1,"12":8,"13":1,"14":8,"15":24,"16":24},"f":{"0":1,"1":8,"2":1,"3":8,"4":24,"5":24},"b":{"0":[8,8],"1":[8,8],"2":[8,8],"3":[8,8]},"meta":{"lastBranch":4,"lastFunction":6,"lastStatement":17,"seen":{"s:10:13:10:Infinity":0,"s:17:7:17:Infinity":1,"s:18:9:18:Infinity":2,"s:19:10:19:37":3,"s:20:11:20:Infinity":4,"s:30:9:30:Infinity":5,"s:38:9:38:Infinity":6,"s:40:14:40:49":7,"s:41:14:41:43":8,"s:42:14:42:45":9,"s:17:2:42:102":10,"b:21:46:21:48:21:46:21:71":0,"f:21:46:21:48":0,"s:21:48:21:71":11,"f:23:8:23:21":1,"s:23:8:23:21":12,"b:23:8:23:21:23:8:23:21":1,"b:24:43:24:45:24:43:24:70":2,"f:24:43:24:45":2,"s:24:45:24:70":13,"f:26:8:26:21":3,"s:26:8:26:21":14,"b:26:8:26:21:26:8:26:21":3,"f:32:28:32:Infinity":4,"s:31:6:34:Infinity":15,"f:39:31:39:46":5,"s:39:6:42:102":16}}}
[...]
:189,"column":null}},"93":{"start":{"line":188,"column":8},"end":{"line":188,"column":null}},"94":{"start":{"line":188,"column":37},"end":{"line":188,"column":77}},"95":{"start":{"line":193,"column":2},"end":{"line":196,"column":null}}},"fnMap":{"0":{"name":"validateCharacter","decl":{"start":{"line":16,"column":16},"end":{"line":16,"column":34}},"loc":{"start":{"line":16,"column":67},"end":{"line":63,"column":null}},"line":16},"1":{"name":"(anonymous_1)","decl":{"start":{"line":48,"column":32},"end":{"line":48,"column":37}},"loc":{"start":{"line":48,"column":42},"end":{"line":48,"column":77}},"line":48},"2":{"name":"validateDifficulty","decl":{"start":{"line":66,"column":16},"end":{"line":66,"column":35}},"loc":{"start":{"line":66,"column":68},"end":{"line":113,"column":null}},"line":66},"3":{"name":"(anonymous_3)","decl":{"start":{"line":78,"column":31},"end":{"line":78,"column":36}},"loc":{"start":{"line":78,"column":41},"end":{"line":78,"column":66}},"line":78},"4":{"name":"validateRaid","decl":{"start":{"line":116,"column":16},"end":{"line":116,"column":29}},"loc":{"start":{"line":116,"column":62},"end":{"line":152,"column":null}},"line":116},"5":{"name":"(anonymous_5)","decl":{"start":{"line":140,"column":26},"end":{"line":140,"column":35}},"loc":{"start":{"line":140,"column":68},"end":{"line":145,"column":5}},"line":140},"6":{"name":"(anonymous_6)","decl":{"start":{"line":143,"column":22},"end":{"line":143,"column":30}},"loc":{"start":{"line":143,"column":37},"end":{"line":143,"column":82}},"line":143},"7":{"name":"validateImportData","decl":{"start":{"line":155,"column":16},"end":{"line":155,"column":35}},"loc":{"start":{"line":155,"column":68},"end":{"line":197,"column":null}},"line":155},"8":{"name":"(anonymous_8)","decl":{"start":{"line":173,"column":26},"end":{"line":173,"column":35}},"loc":{"start":{"line":173,"column":68},"end":{"line":178,"column":5}},"line":173},"9":{"name":"(anonymous_9)","decl":{"start":{"line":176,"column":22},"end":{"line":176,"column":30}},"loc":{"start":{"line":176,"column":37},"end":{"line":176,"column":81}},"line":176},"10":{"name":"(anonymous_10)","decl":{"start":{"line":185,"column":21},"end":{"line":185,"column":30}},"loc":{"start":{"line":185,"column":63},"end":{"line":190,"column":5}},"line":185},"11":{"name":"(anonymous_11)","decl":{"start":{"line":188,"column":22},"end":{"line":188,"column":30}},"loc":{"start":{"line":188,"column":37},"end":{"line":188,"column":77}},"line":188}},"branchMap":{"0":{"loc":{"start":{"line":19,"column":2},"end":{"line":21,"column":null}},"type":"if","locations":[{"start":{"line":19,"column":2},"end":{"line":21,"column":null}},{"start":{},"end":{}}],"line":19},"1":{"loc":{"start":{"line":19,"column":6},"end":{"line":19,"column":41}},"type":"binary-expr","locations":[{"start":{"line":19,"column":6},"end":{"line":19,"column":15}},{"start":{"line":19,"column":15},"end":{"line":19,"column":41}}],"line":19},"2":{"loc":{"start":{"line":26,"column":2},"end":{"line":32,"column":null}},"type":"if","locations":[{"start":{"line":26,"column":2},"end":{"line":32,"column":null}},{"start":{"line":28,"column":9},"end":{"line":32,"column":null}}],"line":26},"3":{"loc":{"start":{"line":26,"column":6},"end":{"line":26,"column":59}},"type":"binary-expr","locations":[{"start":{"line":26,"column":6},"end":{"line":26,"column":24}},{"start":{"line":26,"column":24},"end":{"line":26,"column":59}}],"line":26},"4":{"loc":{"start":{"line":28,"column":9},"end":{"line":32,"column":null}},"type":"if","locations":[{"start":{"line":28,"column":9},"end":{"line":32,"column":null}},{"start":{"line":30,"column":9},"end":{"line":32,"column":null}}],"line":28},"5":{"loc":{"start":{"line":30,"column":9},"end":{"line":32,"column":null}},"type":"if","locations":[{"start":{"line":30,"column":9},"end":{"line":32,"column":null}},{"start":{},"end":{}}],"line":30},"6":{"loc":{"start":{"line":35,"column":2},"end":{"line":43,"column":null}},"type":"if","locations":[{"start":{"line":35,"column":2},"end":{"line":43,"column":null}},{"start":{"line":37,"column":9},"end":{"line":43,"column":null}}],"line":35},"7":{"loc":{"start":{"line":35,"column":6},"end":{"line":35,"column":71}},"type":"binary-expr","locations":[{"start":{"line":35,"column":6},"end":{"line":35,"column":42}},{"start":{"line":35,"column":42},"end":{"line":35,"column":71}}],"line":35},"8":{"loc":{"start":{"line":37,"column":9},"end":{"line":43,"column":null}},"type":"if","locations":[{"start":{"line":37,"column":9},"end":{"line":43,"column":null}},{"start":{"line":39,"column":9},"end":{"line":43,"column":null}}],"line":37},"9":{"loc":{"start":{"line":39,"column":9},"end":{"line":43,"column":null}},"type":"if","locations":[{"start":{"line":39,"column":9},"end":{"line":43,"column":null}},{"start":{"line":41,"column":9},"end":{"line":43,"column":null}}],"line":39},"10":{"loc":{"start":{"line":41,"column":9},"end":{"line":43,"column":null}},"type":"if","locations":[{"start":{"line":41,"column":9},"end":{"line":43,"column":null}},{"start":{},"end":{}}],"line":41},"11":{"loc":{"start":{"line":46,"column":2},"end":{"line":50,"column":null}},"type":"if","locations":[{"start":{"line":46,"column":2},"end":{"line":50,"column":null}},{"start":{"line":48,"column":9},"end":{"line":50,"column":null}}],"line":46},"12":{"loc":{"start":{"line":48,"column":9},"end":{"line":50,"column":null}},"type":"if","locations":[{"start":{"line":48,"column":9},"end":{"line":50,"column":null}},{"start":{},"end":{}}],"line":48},"13":{"loc":{"start":{"line":53,"column":2},"end":{"line":57,"column":null}},"type":"if","locations":[{"start":{"line":53,"column":2},"end":{"line":57,"column":null}},{"start":{},"end":{}}],"line":53},"14":{"loc":{"start":{"line":54,"column":4},"end":{"line":56,"column":null}},"type":"if","locations":[{"start":{"line":54,"column":4},"end":{"line":56,"column":null}},{"start":{},"end":{}}],"line":54},"15":{"loc":{"start":{"line":54,"column":8},"end":{"line":54,"column":131}},"type":"binary-expr","locations":[{"start":{"line":54,"column":8},"end":{"line":54,"column":37}},{"start":{"line":54,"column":37},"end":{"line":54,"column":85}},{"start":{"line":54,"column":85},"end":{"line":54,"column":131}}],"line":54},"16":{"loc":{"start":{"line":69,"column":2},"end":{"line":71,"column":null}},"type":"if","locations":[{"start":{"line":69,"column":2},"end":{"line":71,"column":null}},{"start":{},"end":{}}],"line":69},"17":{"loc":{"start":{"line":69,"column":6},"end":{"line":69,"column":41}},"type":"binary-expr","locations":[{"start":{"line":69,"column":6},"end":{"line":69,"column":15}},{"start":{"line":69,"column":15},"end":{"line":69,"column":41}}],"line":69},"18":{"loc":{"start":{"line":76,"column":2},"end":{"line":80,"column":null}},"type":"if","locations":[{"start":{"line":76,"column":2},"end":{"line":80,"column":null}},{"start":{"line":78,"column":9},"end":{"line":80,"column":null}}],"line":76},"19":{"loc":{"start":{"line":78,"column":9},"end":{"line":80,"column":null}},"type":"if","locations":[{"start":{"line":78,"column":9},"end":{"line":80,"column":null}},{"start":{},"end":{}}],"line":78},"20":{"loc":{"start":{"line":83,"column":2},"end":{"line":89,"column":null}},"type":"if","locations":[{"start":{"line":83,"column":2},"end":{"line":89,"column":null}},{"start":{"line":85,"column":9},"end":{"line":89,"column":null}}],"line":83},"21":{"loc":{"start":{"line":83,"column":6},"end":{"line":83,"column":87}},"type":"binary-expr","locations":[{"start":{"line":83,"column":6},"end":{"line":83,"column":50}},{"start":{"line":83,"column":50},"end":{"line":83,"column":87}}],"line":83},"22":{"loc":{"start":{"line":85,"column":9},"end":{"line":89,"column":null}},"type":"if","locations":[{"start":{"line":85,"column":9},"end":{"line":89,"column":null}},{"start":{"line":87,"column":9},"end":{"line":89,"column":null}}],"line":85},"23":{"loc":{"start":{"line":87,"column":9},"end":{"line":89,"column":null}},"type":"if","locations":[{"start":{"line":87,"column":9},"end":{"line":89,"column":null}},{"start":{},"end":{}}],"line":87},"24":{"loc":{"start":{"line":92,"column":2},"end":{"line":98,"column":null}},"type":"if","locations":[{"start":{"line":92,"column":2},"end":{"line":98,"column":null}},{"start":{"line":94,"column":9},"end":{"line":98,"column":null}}],"line":92},"25":{"loc":{"start":{"line":92,"column":6},"end":{"line":92,"column":75}},"type":"binary-expr","locations":[{"start":{"line":92,"column":6},"end":{"line":92,"column":44}},{"start":{"line":92,"column":44},"end":{"line":92,"column":75}}],"line":92},"26":{"loc":{"start":{"line":94,"column":9},"end":{"line":98,"column":null}},"type":"if","locations":[{"start":{"line":94,"column":9},"end":{"line":98,"column":null}},{"start":{"line":96,"column":9},"end":{"line":98,"column":null}}],"line":94},"27":{"loc":{"start":{"line":96,"column":9},"end":{"line":98,"column":null}},"type":"if","locations":[{"start":{"line":96,"column":9},"end":{"line":98,"column":null}},{"start":{},"end":{}}],"line":96},"28":{"loc":{"start":{"line":101,"column":2},"end":{"line":107,"column":null}},"type":"if","locations":[{"start":{"line":101,"column":2},"end":{"line":107,"column":null}},{"start":{"line":103,"column":9},"end":{"line":107,"column":null}}],"line":101},"29":{"loc":{"start":{"line":101,"column":6},"end":{"line":101,"column":75}},"type":"binary-expr","locations":[{"start":{"line":101,"column":6},"end":{"line":101,"column":44}},{"start":{"line":101,"column":44},"end":{"line":101,"column":75}}],"line":101},"30":{"loc":{"start":{"line":103,"column":9},"end":{"line":107,"column":null}},"type":"if","locations":[{"start":{"line":103,"column":9},"end":{"line":107,"column":null}},{"start":{"line":105,"column":9},"end":{"line":107,"column":null}}],"line":103},"31":{"loc":{"start":{"line":105,"column":9},"end":{"line":107,"column":null}},"type":"if","locations":[{"start":{"line":105,"column":9},"end":{"line":107,"column":null}},{"start":{},"end":{}}],"line":105},"32":{"loc":{"start":{"line":119,"column":2},"end":{"line":121,"column":null}},"type":"if","locations":[{"start":{"line":119,"column":2},"end":{"line":121,"column":null}},{"start":{},"end":{}}],"line":119},"33":{"loc":{"start":{"line":119,"column":6},"end":{"line":119,"column":41}},"type":"binary-expr","locations":[{"start":{"line":119,"column":6},"end":{"line":119,"column":15}},{"start":{"line":119,"column":15},"end":{"line":119,"column":41}}],"line":119},"34":{"loc":{"start":{"line":126,"column":2},"end":{"line":132,"column":null}},"type":"if","locations":[{"start":{"line":126,"column":2},"end":{"line":132,"column":null}},{"start":{"line":128,"column":9},"end":{"line":132,"column":null}}],"line":126},"35":{"loc":{"start":{"line":126,"column":6},"end":{"line":126,"column":59}},"type":"binary-expr","locations":[{"start":{"line":126,"column":6},"end":{"line":126,"column":24}},{"start":{"line":126,"column":24},"end":{"line":126,"column":59}}],"line":126},"36":{"loc":{"start":{"line":128,"column":9},"end":{"line":132,"column":null}},"type":"if","locations":[{"start":{"line":128,"column":9},"end":{"line":132,"column":null}},{"start":{"line":130,"column":9},"end":{"line":132,"column":null}}],"line":128},"37":{"loc":{"start":{"line":130,"column":9},"end":{"line":132,"column":null}},"type":"if","locations":[{"start":{"line":130,"column":9},"end":{"line":132,"column":null}},{"start":{},"end":{}}],"line":130},"38":{"loc":{"start":{"line":135,"column":2},"end":{"line":146,"column":null}},"type":"if","locations":[{"start":{"line":135,"column":2},"end":{"line":146,"column":null}},{"start":{"line":137,"column":9},"end":{"line":146,"column":null}}],"line":135},"39":{"loc":{"start":{"line":137,"column":9},"end":{"line":146,"column":null}},"type":"if","locations":[{"start":{"line":137,"column":9},"end":{"line":146,"column":null}},{"start":{"line":139,"column":9},"end":{"line":146,"column":null}}],"line":137},"40":{"loc":{"start":{"line":142,"column":6},"end":{"line":144,"column":null}},"type":"if","locations":[{"start":{"line":142,"column":6},"end":{"line":144,"column":null}},{"start":{},"end":{}}],"line":142},"41":{"loc":{"start":{"line":158,"column":2},"end":{"line":160,"column":null}},"type":"if","locations":[{"start":{"line":158,"column":2},"end":{"line":160,"column":null}},{"start":{},"end":{}}],"line":158},"42":{"loc":{"start":{"line":158,"column":6},"end":{"line":158,"column":41}},"type":"binary-expr","locations":[{"start":{"line":158,"column":6},"end":{"line":158,"column":15}},{"start":{"line":158,"column":15},"end":{"line":158,"column":41}}],"line":158},"43":{"loc":{"start":{"line":165,"column":2},"end":{"line":167,"column":null}},"type":"if","locations":[{"start":{"line":165,"column":2},"end":{"line":167,"column":null}},{"start":{},"end":{}}],"line":165},"44":{"loc":{"start":{"line":170,"column":2},"end":{"line":179,"column":null}},"type":"if","locations":[{"start":{"line":170,"column":2},"end":{"line":179,"column":null}},{"start":{"line":172,"column":9},"end":{"line":179,"column":null}}],"line":170},"45":{"loc":{"start":{"line":175,"column":6},"end":{"line":177,"column":null}},"type":"if","locations":[{"start":{"line":175,"column":6},"end":{"line":177,"column":null}},{"start":{},"end":{}}],"line":175},"46":{"loc":{"start":{"line":182,"column":2},"end":{"line":191,"column":null}},"type":"if","locations":[{"start":{"line":182,"column":2},"end":{"line":191,"column":null}},{"start":{"line":184,"column":9},"end":{"line":191,"column":null}}],"line":182},"47":{"loc":{"start":{"line":187,"column":6},"end":{"line":189,"column":null}},"type":"if","locations":[{"start":{"line":187,"column":6},"end":{"line":189,"column":null}},{"start":{},"end":{}}],"line":187}},"s":{"0":12,"1":12,"2":1,"3":11,"4":11,"5":2,"6":9,"7":0,"8":9,"9":1,"10":11,"11":0,"12":11,"13":1,"14":10,"15":1,"16":9,"17":1,"18":11,"19":0,"20":11,"21":162,"22":1,"23":11,"24":2,"25":1,"26":11,"27":18,"28":18,"29":1,"30":17,"31":17,"32":1,"33":16,"34":50,"35":2,"36":17,"37":1,"38":16,"39":1,"40":15,"41":1,"42":17,"43":1,"44":16,"45":1,"46":15,"47":1,"48":17,"49":1,"50":16,"51":1,"52":15,"53":1,"54":17,"55":10,"56":10,"57":1,"58":9,"59":9,"60":3,"61":6,"62":0,"63":6,"64":1,"65":9,"66":1,"67":8,"68":3,"69":5,"70":5,"71":5,"72":1,"73":1,"74":9,"75":8,"76":8,"77":1,"78":7,"79":7,"80":2,"81":7,"82":2,"83":5,"84":2,"85":2,"86":1,"87":1,"88":7,"89":2,"90":5,"91":2,"92":2,"93":1,"94":1,"95":7},"f":{"0":12,"1":162,"2":18,"3":50,"4":10,"5":5,"6":1,"7":8,"8":2,"9":1,"10":2,"11":1},"b":{"0":[1,11],"1":[12,11],"2":[2,9],"3":[11,9],"4":[0,9],"5":[1,8],"6":[0,11],"7":[11,11],"8":[1,10],"9":[1,9],"10":[1,8],"11":[0,11],"12":[1,10],"13":[2,9],"14":[1,1],"15":[2,1,1],"16":[1,17],"17":[18,17],"18":[1,16],"19":[2,14],"20":[1,16],"21":[17,16],"22":[1,15],"23":[1,14],"24":[1,16],"25":[17,16],"26":[1,15],"27":[1,14],"28":[1,16],"29":[17,16],"30":[1,15],"31":[1,14],"32":[1,9],"33":[10,9],"34":[3,6],"35":[9,6],"36":[0,6],"37":[1,5],"38":[1,8],"39":[3,5],"40":[1,4],"41":[1,7],"42":[8,7],"43":[2,5],"44":[2,5],"45":[1,1],"46":[2,5],"47":[1,1]},"meta":{"lastBranch":48,"lastFunction":12,"lastStatement":96,"seen":{"f:16:16:16:34":0,"s:17:27:17:Infinity":0,"b:19:2:21:Infinity:undefined:undefined:undefined:undefined":0,"s:19:2:21:Infinity":1,"b:19:6:19:15:19:15:19:41":1,"s:20:4:20:Infinity":2,"s:23:19:23:Infinity":3,"b:26:2:32:Infinity:28:9:32:Infinity":2,"s:26:2:32:Infinity":4,"b:26:6:26:24:26:24:26:59":3,"s:27:4:27:Infinity":5,"b:28:9:32:Infinity:30:9:32:Infinity":4,"s:28:9:32:Infinity":6,"s:29:4:29:Infinity":7,"b:30:9:32:Infinity:undefined:undefined:undefined:undefined":5,"s:30:9:32:Infinity":8,"s:31:4:31:Infinity":9,"b:35:2:43:Infinity:37:9:43:Infinity":6,"s:35:2:43:Infinity":10,"b:35:6:35:42:35:42:35:71":7,"s:36:4:36:Infinity":11,"b:37:9:43:Infinity:39:9:43:Infinity":8,"s:37:9:43:Infinity":12,"s:38:4:38:Infinity":13,"b:39:9:43:Infinity:41:9:43:Infinity":9,"s:39:9:43:Infinity":14,"s:40:4:40:Infinity":15,"b:41:9:43:Infinity:undefined:undefined:undefined:undefined":10,"s:41:9:43:Infinity":16,"s:42:4:42:Infinity":17,"b:46:2:50:Infinity:48:9:50:Infinity":11,"s:46:2:50:Infinity":18,"s:47:4:47:Infinity":19,"b:48:9:50:Infinity:undefined:undefined:undefined:undefined":12,"s:48:9:50:Infinity":20,"f:48:32:48:37":1,"s:48:42:48:77":21,"s:49:4:49:Infinity":22,"b:53:2:57:Infinity:undefined:undefined:undefined:undefined":13,"s:53:2:57:Infinity":23,"b:54:4:56:Infinity:undefined:undefined:undefined:undefined":14,"s:54:4:56:Infinity":24,"b:54:8:54:37:54:37:54:85:54:85:54:131":15,"s:55:6:55:Infinity":25,"s:59:2:62:Infinity":26,"f:66:16:66:35":2,"s:67:27:67:Infinity":27,"b:69:2:71:Infinity:undefined:undefined:undefined:undefined":16,"s:69:2:71:Infinity":28,"b:69:6:69:15:69:15:69:41":17,"s:70:4:70:Infinity":29,"s:73:19:73:Infinity":30,"b:76:2:80:Infinity:78:9:80:Infinity":18,"s:76:2:80:Infinity":31,"s:77:4:77:Infinity":32,"b:78:9:80:Infinity:undefined:undefined:undefined:undefined":19,"s:78:9:80:Infinity":33,"f:78:31:78:36":3,"s:78:41:78:66":34,"s:79:4:79:Infinity":35,"b:83:2:89:Infinity:85:9:89:Infinity":20,"s:83:2:89:Infinity":36,"b:83:6:83:50:83:50:83:87":21,"s:84:4:84:Infinity":37,"b:85:9:89:Infinity:87:9:89:Infinity":22,"s:85:9:89:Infinity":38,"s:86:4:86:Infinity":39,"b:87:9:89:Infinity:undefined:undefined:undefined:undefined":23,"s:87:9:89:Infinity":40,"s:88:4:88:Infinity":41,"b:92:2:98:Infinity:94:9:98:Infinity":24,"s:92:2:98:Infinity":42,"b:92:6:92:44:92:44:92:75":25,"s:93:4:93:Infinity":43,"b:94:9:98:Infinity:96:9:98:Infinity":26,"s:94:9:98:Infinity":44,"s:95:4:95:Infinity":45,"b:96:9:98:Infinity:undefined:undefined:undefined:undefined":27,"s:96:9:98:Infinity":46,"s:97:4:97:Infinity":47,"b:101:2:107:Infinity:103:9:107:Infinity":28,"s:101:2:107:Infinity":48,"b:101:6:101:44:101:44:101:75":29,"s:102:4:102:Infinity":49,"b:103:9:107:Infinity:105:9:107:Infinity":30,"s:103:9:107:Infinity":50,"s:104:4:104:Infinity":51,"b:105:9:107:Infinity:undefined:undefined:undefined:undefined":31,"s:105:9:107:Infinity":52,"s:106:4:106:Infinity":53,"s:109:2:112:Infinity":54,"f:116:16:116:29":4,"s:117:27:117:Infinity":55,"b:119:2:121:Infinity:undefined:undefined:undefined:undefined":32,"s:119:2:121:Infinity":56,"b:119:6:119:15:119:15:119:41":33,"s:120:4:120:Infinity":57,"s:123:19:123:Infinity":58,"b:126:2:132:Infinity:128:9:132:Infinity":34,"s:126:2:132:Infinity":59,"b:126:6:126:24:126:24:126:59":35,"s:127:4:127:Infinity":60,"b:128:9:132:Infinity:130:9:132:Infinity":36,"s:128:9:132:Infinity":61,"s:129:4:129:Infinity":62,"b:130:9:132:Infinity:undefined:undefined:undefined:undefined":37,"s:130:9:132:Infinity":63,"s:131:4:131:Infinity":64,"b:135:2:146:Infinity:137:9:146:Infinity":38,"s:135:2:146:Infinity":65,"s:136:4:136:Infinity":66,"b:137:9:146:Infinity:139:9:146:Infinity":39,"s:137:9:146:Infinity":67,"s:138:4:138:Infinity":68,"s:140:4:145:Infinity":69,"f:140:26:140:35":5,"s:141:21:141:Infinity":70,"b:142:6:144:Infinity:undefined:undefined:undefined:undefined":40,"s:142:6:144:Infinity":71,"s:143:8:143:Infinity":72,"f:143:22:143:30":6,"s:143:37:143:82":73,"s:148:2:151:Infinity":74,"f:155:16:155:35":7,"s:156:27:156:Infinity":75,"b:158:2:160:Infinity:undefined:undefined:undefined:undefined":41,"s:158:2:160:Infinity":76,"b:158:6:158:15:158:15:158:41":42,"s:159:4:159:Infinity":77,"s:162:21:162:Infinity":78,"b:165:2:167:Infinity:undefined:undefined:undefined:undefined":43,"s:165:2:167:Infinity":79,"s:166:4:166:Infinity":80,"b:170:2:179:Infinity:172:9:179:Infinity":44,"s:170:2:179:Infinity":81,"s:171:4:171:Infinity":82,"s:173:4:178:Infinity":83,"f:173:26:173:35":8,"s:174:21:174:Infinity":84,"b:175:6:177:Infinity:undefined:undefined:undefined:undefined":45,"s:175:6:177:Infinity":85,"s:176:8:176:Infinity":86,"f:176:22:176:30":9,"s:176:37:176:81":87,"b:182:2:191:Infinity:184:9:191:Infinity":46,"s:182:2:191:Infinity":88,"s:183:4:183:Infinity":89,"s:185:4:190:Infinity":90,"f:185:21:185:30":10,"s:186:21:186:Infinity":91,"b:187:6:189:Infinity:undefined:undefined:undefined:undefined":47,"s:187:6:189:Infinity":92,"s:188:8:188:Infinity":93,"f:188:22:188:30":11,"s:188:37:188:77":94,"s:193:2:196:Infinity":95}}}
}
